This is pdfTeX, Version 3.14159265-2.6-1.40.16 (TeX Live 2015) (preloaded format=pdflatex 2015.5.24)  27 OCT 2017 14:44
entering extended mode
 restricted \write18 enabled.
 file:line:error style messages enabled.
 %&-line parsing enabled.
**dry-mass.tex
(./dry-mass.tex
LaTeX2e <2015/01/01>
Babel <3.9l> and hyphenation patterns for 79 languages loaded.
(./agujournal.cls
Document Class: agujournal 08/06/2016
(/usr/local/texlive/2015/texmf-dist/tex/latex/newtx/newtxtext.sty
Package: newtxtext 2015/05/01 v1.437

`newtxtext' v1.437, 2015/05/01 Text macros taking advantage of TeX-Gyre Termes 
fonts (msharpe)
(/usr/local/texlive/2015/texmf-dist/tex/latex/fontaxes/fontaxes.sty
Package: fontaxes 2014/03/23 v1.0d Font selection axes
LaTeX Info: Redefining \upshape on input line 29.
LaTeX Info: Redefining \itshape on input line 31.
LaTeX Info: Redefining \slshape on input line 33.
LaTeX Info: Redefining \scshape on input line 37.
)
\ntx@fs=\dimen102

(/usr/local/texlive/2015/texmf-dist/tex/latex/xkeyval/xkeyval.sty
Package: xkeyval 2014/12/03 v2.7a package option processing (HA)

(/usr/local/texlive/2015/texmf-dist/tex/generic/xkeyval/xkeyval.tex
(/usr/local/texlive/2015/texmf-dist/tex/generic/xkeyval/xkvutils.tex
\XKV@toks=\toks14
\XKV@tempa@toks=\toks15

(/usr/local/texlive/2015/texmf-dist/tex/generic/xkeyval/keyval.tex))
\XKV@depth=\count79
File: xkeyval.tex 2014/12/03 v2.7a key=value parser (HA)
))
(/usr/local/texlive/2015/texmf-dist/tex/latex/etoolbox/etoolbox.sty
Package: etoolbox 2015/05/04 v2.2 e-TeX tools for LaTeX (JAW)
\etb@tempcnta=\count80
)
(/usr/local/texlive/2015/texmf-dist/tex/latex/base/fontenc.sty
Package: fontenc 2005/09/27 v1.99g Standard LaTeX package

(/usr/local/texlive/2015/texmf-dist/tex/latex/base/t1enc.def
File: t1enc.def 2005/09/27 v1.99g Standard LaTeX file
LaTeX Font Info:    Redeclaring font encoding T1 on input line 48.
))
(/usr/local/texlive/2015/texmf-dist/tex/latex/base/textcomp.sty
Package: textcomp 2005/09/27 v1.99g Standard LaTeX package
Package textcomp Info: Sub-encoding information:
(textcomp)               5 = only ISO-Adobe without \textcurrency
(textcomp)               4 = 5 + \texteuro
(textcomp)               3 = 4 + \textohm
(textcomp)               2 = 3 + \textestimated + \textcurrency
(textcomp)               1 = TS1 - \textcircled - \t
(textcomp)               0 = TS1 (full)
(textcomp)             Font families with sub-encoding setting implement
(textcomp)             only a restricted character set as indicated.
(textcomp)             Family '?' is the default used for unknown fonts.
(textcomp)             See the documentation for details.
Package textcomp Info: Setting ? sub-encoding to TS1/1 on input line 79.
Package textcomp Info: Changing ? sub-encoding to TS1/0 on input line 80.

(/usr/local/texlive/2015/texmf-dist/tex/latex/base/ts1enc.def
File: ts1enc.def 2001/06/05 v3.0e (jk/car/fm) Standard LaTeX file
)
LaTeX Info: Redefining \oldstylenums on input line 334.
Package textcomp Info: Setting cmr sub-encoding to TS1/0 on input line 349.
Package textcomp Info: Setting cmss sub-encoding to TS1/0 on input line 350.
Package textcomp Info: Setting cmtt sub-encoding to TS1/0 on input line 351.
Package textcomp Info: Setting cmvtt sub-encoding to TS1/0 on input line 352.
Package textcomp Info: Setting cmbr sub-encoding to TS1/0 on input line 353.
Package textcomp Info: Setting cmtl sub-encoding to TS1/0 on input line 354.
Package textcomp Info: Setting ccr sub-encoding to TS1/0 on input line 355.
Package textcomp Info: Setting ptm sub-encoding to TS1/4 on input line 356.
Package textcomp Info: Setting pcr sub-encoding to TS1/4 on input line 357.
Package textcomp Info: Setting phv sub-encoding to TS1/4 on input line 358.
Package textcomp Info: Setting ppl sub-encoding to TS1/3 on input line 359.
Package textcomp Info: Setting pag sub-encoding to TS1/4 on input line 360.
Package textcomp Info: Setting pbk sub-encoding to TS1/4 on input line 361.
Package textcomp Info: Setting pnc sub-encoding to TS1/4 on input line 362.
Package textcomp Info: Setting pzc sub-encoding to TS1/4 on input line 363.
Package textcomp Info: Setting bch sub-encoding to TS1/4 on input line 364.
Package textcomp Info: Setting put sub-encoding to TS1/5 on input line 365.
Package textcomp Info: Setting uag sub-encoding to TS1/5 on input line 366.
Package textcomp Info: Setting ugq sub-encoding to TS1/5 on input line 367.
Package textcomp Info: Setting ul8 sub-encoding to TS1/4 on input line 368.
Package textcomp Info: Setting ul9 sub-encoding to TS1/4 on input line 369.
Package textcomp Info: Setting augie sub-encoding to TS1/5 on input line 370.
Package textcomp Info: Setting dayrom sub-encoding to TS1/3 on input line 371.
Package textcomp Info: Setting dayroms sub-encoding to TS1/3 on input line 372.

Package textcomp Info: Setting pxr sub-encoding to TS1/0 on input line 373.
Package textcomp Info: Setting pxss sub-encoding to TS1/0 on input line 374.
Package textcomp Info: Setting pxtt sub-encoding to TS1/0 on input line 375.
Package textcomp Info: Setting txr sub-encoding to TS1/0 on input line 376.
Package textcomp Info: Setting txss sub-encoding to TS1/0 on input line 377.
Package textcomp Info: Setting txtt sub-encoding to TS1/0 on input line 378.
Package textcomp Info: Setting lmr sub-encoding to TS1/0 on input line 379.
Package textcomp Info: Setting lmdh sub-encoding to TS1/0 on input line 380.
Package textcomp Info: Setting lmss sub-encoding to TS1/0 on input line 381.
Package textcomp Info: Setting lmssq sub-encoding to TS1/0 on input line 382.
Package textcomp Info: Setting lmvtt sub-encoding to TS1/0 on input line 383.
Package textcomp Info: Setting lmtt sub-encoding to TS1/0 on input line 384.
Package textcomp Info: Setting qhv sub-encoding to TS1/0 on input line 385.
Package textcomp Info: Setting qag sub-encoding to TS1/0 on input line 386.
Package textcomp Info: Setting qbk sub-encoding to TS1/0 on input line 387.
Package textcomp Info: Setting qcr sub-encoding to TS1/0 on input line 388.
Package textcomp Info: Setting qcs sub-encoding to TS1/0 on input line 389.
Package textcomp Info: Setting qpl sub-encoding to TS1/0 on input line 390.
Package textcomp Info: Setting qtm sub-encoding to TS1/0 on input line 391.
Package textcomp Info: Setting qzc sub-encoding to TS1/0 on input line 392.
Package textcomp Info: Setting qhvc sub-encoding to TS1/0 on input line 393.
Package textcomp Info: Setting futs sub-encoding to TS1/4 on input line 394.
Package textcomp Info: Setting futx sub-encoding to TS1/4 on input line 395.
Package textcomp Info: Setting futj sub-encoding to TS1/4 on input line 396.
Package textcomp Info: Setting hlh sub-encoding to TS1/3 on input line 397.
Package textcomp Info: Setting hls sub-encoding to TS1/3 on input line 398.
Package textcomp Info: Setting hlst sub-encoding to TS1/3 on input line 399.
Package textcomp Info: Setting hlct sub-encoding to TS1/5 on input line 400.
Package textcomp Info: Setting hlx sub-encoding to TS1/5 on input line 401.
Package textcomp Info: Setting hlce sub-encoding to TS1/5 on input line 402.
Package textcomp Info: Setting hlcn sub-encoding to TS1/5 on input line 403.
Package textcomp Info: Setting hlcw sub-encoding to TS1/5 on input line 404.
Package textcomp Info: Setting hlcf sub-encoding to TS1/5 on input line 405.
Package textcomp Info: Setting pplx sub-encoding to TS1/3 on input line 406.
Package textcomp Info: Setting pplj sub-encoding to TS1/3 on input line 407.
Package textcomp Info: Setting ptmx sub-encoding to TS1/4 on input line 408.
Package textcomp Info: Setting ptmj sub-encoding to TS1/4 on input line 409.
))
(/usr/local/texlive/2015/texmf-dist/tex/latex/newtx/newtxmath.sty
Package: newtxmath 2015/05/01 v1.437

`newtxmath' v1.437, 2015/05/01 Math macros based on txfonts (msharpe)
(/usr/local/texlive/2015/texmf-dist/tex/latex/amsmath/amsmath.sty
Package: amsmath 2013/01/14 v2.14 AMS math features
\@mathmargin=\skip41

For additional information on amsmath, use the `?' option.
(/usr/local/texlive/2015/texmf-dist/tex/latex/amsmath/amstext.sty
Package: amstext 2000/06/29 v2.01

(/usr/local/texlive/2015/texmf-dist/tex/latex/amsmath/amsgen.sty
File: amsgen.sty 1999/11/30 v2.0
\@emptytoks=\toks16
\ex@=\dimen103
))
(/usr/local/texlive/2015/texmf-dist/tex/latex/amsmath/amsbsy.sty
Package: amsbsy 1999/11/29 v1.2d
\pmbraise@=\dimen104
)
(/usr/local/texlive/2015/texmf-dist/tex/latex/amsmath/amsopn.sty
Package: amsopn 1999/12/14 v2.01 operator names
)
\inf@bad=\count81
LaTeX Info: Redefining \frac on input line 210.
\uproot@=\count82
\leftroot@=\count83
LaTeX Info: Redefining \overline on input line 306.
\classnum@=\count84
\DOTSCASE@=\count85
LaTeX Info: Redefining \ldots on input line 378.
LaTeX Info: Redefining \dots on input line 381.
LaTeX Info: Redefining \cdots on input line 466.
\Mathstrutbox@=\box26
\strutbox@=\box27
\big@size=\dimen105
LaTeX Font Info:    Redeclaring font encoding OML on input line 566.
LaTeX Font Info:    Redeclaring font encoding OMS on input line 567.
\macc@depth=\count86
\c@MaxMatrixCols=\count87
\dotsspace@=\muskip10
\c@parentequation=\count88
\dspbrk@lvl=\count89
\tag@help=\toks17
\row@=\count90
\column@=\count91
\maxfields@=\count92
\andhelp@=\toks18
\eqnshift@=\dimen106
\alignsep@=\dimen107
\tagshift@=\dimen108
\tagwidth@=\dimen109
\totwidth@=\dimen110
\lineht@=\dimen111
\@envbody=\toks19
\multlinegap=\skip42
\multlinetaggap=\skip43
\mathdisplay@stack=\toks20
LaTeX Info: Redefining \[ on input line 2665.
LaTeX Info: Redefining \] on input line 2666.
)
(/usr/local/texlive/2015/texmf-dist/tex/generic/ifxetex/ifxetex.sty
Package: ifxetex 2010/09/12 v0.6 Provides ifxetex conditional
)
(/usr/local/texlive/2015/texmf-dist/tex/generic/oberdiek/ifluatex.sty
Package: ifluatex 2010/03/01 v1.3 Provides the ifluatex switch (HO)
Package ifluatex Info: LuaTeX not detected.
)
(/usr/local/texlive/2015/texmf-dist/tex/generic/kastrup/binhex.tex)
\tx@Isdigit=\count93
LaTeX Font Info:    Redeclaring symbol font `operators' on input line 107.
LaTeX Font Info:    Encoding `OT1' has changed to `T1' for symbol font
(Font)              `operators' in the math version `normal' on input line 107.

LaTeX Font Info:    Overwriting symbol font `operators' in version `normal'
(Font)                  OT1/cmr/m/n --> T1/ntxtlf/m/n on input line 107.
LaTeX Font Info:    Encoding `OT1' has changed to `T1' for symbol font
(Font)              `operators' in the math version `bold' on input line 107.
LaTeX Font Info:    Overwriting symbol font `operators' in version `bold'
(Font)                  OT1/cmr/bx/n --> T1/ntxtlf/m/n on input line 107.
LaTeX Font Info:    Overwriting symbol font `operators' in version `bold'
(Font)                  T1/ntxtlf/m/n --> T1/ntxtlf/b/n on input line 108.
LaTeX Font Info:    Redeclaring math alphabet \mathsf on input line 114.
LaTeX Font Info:    Overwriting math alphabet `\mathsf' in version `normal'
(Font)                  OT1/cmss/m/n --> T1/qhv/m/n on input line 114.
LaTeX Font Info:    Overwriting math alphabet `\mathsf' in version `bold'
(Font)                  OT1/cmss/bx/n --> T1/qhv/m/n on input line 114.
LaTeX Font Info:    Redeclaring math alphabet \mathit on input line 115.
LaTeX Font Info:    Overwriting math alphabet `\mathit' in version `normal'
(Font)                  OT1/cmr/m/it --> T1/ntxtlf/m/it on input line 115.
LaTeX Font Info:    Overwriting math alphabet `\mathit' in version `bold'
(Font)                  OT1/cmr/bx/it --> T1/ntxtlf/m/it on input line 115.
LaTeX Font Info:    Redeclaring math alphabet \mathtt on input line 116.
LaTeX Font Info:    Overwriting math alphabet `\mathtt' in version `normal'
(Font)                  OT1/cmtt/m/n --> T1/ntxtt/m/n on input line 116.
LaTeX Font Info:    Overwriting math alphabet `\mathtt' in version `bold'
(Font)                  OT1/cmtt/m/n --> T1/ntxtt/m/n on input line 116.
LaTeX Font Info:    Redeclaring math alphabet \mathbf on input line 118.
LaTeX Font Info:    Overwriting math alphabet `\mathbf' in version `normal'
(Font)                  OT1/cmr/bx/n --> T1/ntxtlf/b/n on input line 118.
LaTeX Font Info:    Overwriting math alphabet `\mathbf' in version `bold'
(Font)                  OT1/cmr/bx/n --> T1/ntxtlf/b/n on input line 118.
LaTeX Font Info:    Overwriting math alphabet `\mathit' in version `bold'
(Font)                  T1/ntxtlf/m/it --> T1/ntxtlf/b/it on input line 119.
LaTeX Font Info:    Overwriting math alphabet `\mathsf' in version `bold'
(Font)                  T1/qhv/m/n --> T1/qhv/b/n on input line 120.
LaTeX Font Info:    Overwriting math alphabet `\mathtt' in version `bold'
(Font)                  T1/ntxtt/m/n --> T1/ntxtt/b/n on input line 121.
LaTeX Font Info:    Redeclaring symbol font `letters' on input line 162.
LaTeX Font Info:    Overwriting symbol font `letters' in version `normal'
(Font)                  OML/cmm/m/it --> OML/ntxmi/m/it on input line 162.
LaTeX Font Info:    Overwriting symbol font `letters' in version `bold'
(Font)                  OML/cmm/b/it --> OML/ntxmi/m/it on input line 162.
LaTeX Font Info:    Overwriting symbol font `letters' in version `bold'
(Font)                  OML/ntxmi/m/it --> OML/ntxmi/b/it on input line 163.
\symlettersA=\mathgroup4
LaTeX Font Info:    Overwriting symbol font `lettersA' in version `bold'
(Font)                  U/ntxmia/m/it --> U/ntxmia/b/it on input line 177.
LaTeX Font Info:    Redeclaring symbol font `symbols' on input line 185.
LaTeX Font Info:    Overwriting symbol font `symbols' in version `normal'
(Font)                  OMS/cmsy/m/n --> OMS/ntxsy/m/n on input line 185.
LaTeX Font Info:    Overwriting symbol font `symbols' in version `bold'
(Font)                  OMS/cmsy/b/n --> OMS/ntxsy/m/n on input line 185.
LaTeX Font Info:    Overwriting symbol font `symbols' in version `bold'
(Font)                  OMS/ntxsy/m/n --> OMS/ntxsy/b/n on input line 186.
\symAMSm=\mathgroup5
LaTeX Font Info:    Overwriting symbol font `AMSm' in version `bold'
(Font)                  U/ntxsym/m/n --> U/ntxsym/b/n on input line 206.
\symsymbolsC=\mathgroup6
LaTeX Font Info:    Overwriting symbol font `symbolsC' in version `bold'
(Font)                  U/ntxsyc/m/n --> U/ntxsyc/b/n on input line 227.
LaTeX Font Info:    Redeclaring symbol font `largesymbols' on input line 240.
LaTeX Font Info:    Encoding `OMX' has changed to `LMX' for symbol font
(Font)              `largesymbols' in the math version `normal' on input line 2
40.
LaTeX Font Info:    Overwriting symbol font `largesymbols' in version `normal'
(Font)                  OMX/cmex/m/n --> LMX/ntxexx/m/n on input line 240.
LaTeX Font Info:    Encoding `OMX' has changed to `LMX' for symbol font
(Font)              `largesymbols' in the math version `bold' on input line 240
.
LaTeX Font Info:    Overwriting symbol font `largesymbols' in version `bold'
(Font)                  OMX/cmex/m/n --> LMX/ntxexx/m/n on input line 240.
LaTeX Font Info:    Overwriting symbol font `largesymbols' in version `bold'
(Font)                  LMX/ntxexx/m/n --> LMX/ntxexx/b/n on input line 241.
\symlargesymbolsTXA=\mathgroup7
LaTeX Font Info:    Overwriting symbol font `largesymbolsTXA' in version `bold'

(Font)                  U/ntxexa/m/n --> U/ntxexa/b/n on input line 255.
LaTeX Info: Redefining \not on input line 1638.
)
(/usr/local/texlive/2015/texmf-dist/tex/latex/graphics/graphicx.sty
Package: graphicx 2014/10/28 v1.0g Enhanced LaTeX Graphics (DPC,SPQR)

(/usr/local/texlive/2015/texmf-dist/tex/latex/graphics/graphics.sty
Package: graphics 2014/10/28 v1.0p Standard LaTeX Graphics (DPC,SPQR)

(/usr/local/texlive/2015/texmf-dist/tex/latex/graphics/trig.sty
Package: trig 1999/03/16 v1.09 sin cos tan (DPC)
)
(/usr/local/texlive/2015/texmf-dist/tex/latex/latexconfig/graphics.cfg
File: graphics.cfg 2010/04/23 v1.9 graphics configuration of TeX Live
)
Package graphics Info: Driver file: pdftex.def on input line 94.

(/usr/local/texlive/2015/texmf-dist/tex/latex/pdftex-def/pdftex.def
File: pdftex.def 2011/05/27 v0.06d Graphics/color for pdfTeX

(/usr/local/texlive/2015/texmf-dist/tex/generic/oberdiek/infwarerr.sty
Package: infwarerr 2010/04/08 v1.3 Providing info/warning/error messages (HO)
)
(/usr/local/texlive/2015/texmf-dist/tex/generic/oberdiek/ltxcmds.sty
Package: ltxcmds 2011/11/09 v1.22 LaTeX kernel commands for general use (HO)
)
\Gread@gobject=\count94
))
\Gin@req@height=\dimen112
\Gin@req@width=\dimen113
)
(/usr/local/texlive/2015/texmf-dist/tex/latex/xcolor/xcolor.sty
Package: xcolor 2007/01/21 v2.11 LaTeX color extensions (UK)

(/usr/local/texlive/2015/texmf-dist/tex/latex/latexconfig/color.cfg
File: color.cfg 2007/01/18 v1.5 color configuration of teTeX/TeXLive
)
Package xcolor Info: Driver file: pdftex.def on input line 225.
Package xcolor Info: Model `cmy' substituted by `cmy0' on input line 1337.
Package xcolor Info: Model `hsb' substituted by `rgb' on input line 1341.
Package xcolor Info: Model `RGB' extended on input line 1353.
Package xcolor Info: Model `HTML' substituted by `rgb' on input line 1355.
Package xcolor Info: Model `Hsb' substituted by `hsb' on input line 1356.
Package xcolor Info: Model `tHsb' substituted by `hsb' on input line 1357.
Package xcolor Info: Model `HSB' substituted by `hsb' on input line 1358.
Package xcolor Info: Model `Gray' substituted by `gray' on input line 1359.
Package xcolor Info: Model `wave' substituted by `hsb' on input line 1360.
)
(/usr/local/texlive/2015/texmf-dist/tex/latex/lineno/lineno.sty
Package: lineno 2005/11/02 line numbers on paragraphs v4.41
\linenopenalty=\count95
\output=\toks21
\linenoprevgraf=\count96
\linenumbersep=\dimen114
\linenumberwidth=\dimen115
\c@linenumber=\count97
\c@pagewiselinenumber=\count98
\c@LN@truepage=\count99
\c@internallinenumber=\count100
\c@internallinenumbers=\count101
\quotelinenumbersep=\dimen116
\bframerule=\dimen117
\bframesep=\dimen118
\bframebox=\box28
LaTeX Info: Redefining \\ on input line 3056.
)
(/usr/local/texlive/2015/texmf-dist/tex/latex/tools/indentfirst.sty
Package: indentfirst 1995/11/23 v1.03 Indent first paragraph (DPC)
)
(/usr/local/texlive/2015/texmf-dist/tex/latex/ms/ragged2e.sty
Package: ragged2e 2009/05/21 v2.1 ragged2e Package (MS)

(/usr/local/texlive/2015/texmf-dist/tex/latex/ms/everysel.sty
Package: everysel 2011/10/28 v1.2 EverySelectfont Package (MS)
)
\CenteringLeftskip=\skip44
\RaggedLeftLeftskip=\skip45
\RaggedRightLeftskip=\skip46
\CenteringRightskip=\skip47
\RaggedLeftRightskip=\skip48
\RaggedRightRightskip=\skip49
\CenteringParfillskip=\skip50
\RaggedLeftParfillskip=\skip51
\RaggedRightParfillskip=\skip52
\JustifyingParfillskip=\skip53
\CenteringParindent=\skip54
\RaggedLeftParindent=\skip55
\RaggedRightParindent=\skip56
\JustifyingParindent=\skip57
)
(/usr/local/texlive/2015/texmf-dist/tex/latex/rotating/rotating.sty
Package: rotating 2009/03/28 v2.16a rotated objects in LaTeX

(/usr/local/texlive/2015/texmf-dist/tex/latex/base/ifthen.sty
Package: ifthen 2014/09/29 v1.1c Standard LaTeX ifthen package (DPC)
)
\c@r@tfl@t=\count102
\rotFPtop=\skip58
\rotFPbot=\skip59
\rot@float@box=\box29
\rot@mess@toks=\toks22
)
(/usr/local/texlive/2015/texmf-dist/tex/generic/ulem/ulem.sty
\UL@box=\box30
\UL@hyphenbox=\box31
\UL@skip=\skip60
\UL@hook=\toks23
\UL@height=\dimen119
\UL@pe=\count103
\UL@pixel=\dimen120
\ULC@box=\box32
Package: ulem 2012/05/18
\ULdepth=\dimen121
)
\draftskip=\count104
\c@section=\count105
\c@subsection=\count106
\c@subsubsection=\count107
\c@paragraph=\count108
\c@subparagraph=\count109
\c@figure=\count110
\c@table=\count111
\abovecaptionskip=\skip61
\belowcaptionskip=\skip62
\c@appendnum=\count112
\bibindent=\dimen122

(/usr/local/texlive/2015/texmf-dist/tex/latex/natbib/natbib.sty
Package: natbib 2010/09/13 8.31b (PWD, AO)
\bibhang=\skip63
\bibsep=\skip64
LaTeX Info: Redefining \cite on input line 694.
\c@NAT@ctr=\count113
)
\refchangenumber=\count114
\listchangenum=\count115
)
(/usr/local/texlive/2015/texmf-dist/tex/latex/url/url.sty
\Urlmuskip=\muskip11
Package: url 2013/09/16  ver 3.4  Verb mode for urls, etc.
)
LaTeX Font Info:    Try loading font information for T1+ntxtlf on input line 70
.

(/usr/local/texlive/2015/texmf-dist/tex/latex/newtx/t1ntxtlf.fd
File: t1ntxtlf.fd 2015/01/17 v1.0 font definition file for T1/ntx/tlf
)
LaTeX Font Info:    Font shape `T1/ntxtlf/m/n' will be
(Font)              scaled to size 10.0pt on input line 70.

(./dry-mass.aux)
\openout1 = `dry-mass.aux'.

LaTeX Font Info:    Checking defaults for OML/ntxmi/m/it on input line 70.
LaTeX Font Info:    Try loading font information for OML+ntxmi on input line 70
.

(/usr/local/texlive/2015/texmf-dist/tex/latex/newtx/omlntxmi.fd
File: omlntxmi.fd 2012/03/22 Fontinst v1.933 font definitions for OML/ntxmi.
)
LaTeX Font Info:    ... okay on input line 70.
LaTeX Font Info:    Checking defaults for T1/cmr/m/n on input line 70.
LaTeX Font Info:    ... okay on input line 70.
LaTeX Font Info:    Checking defaults for OT1/cmr/m/n on input line 70.
LaTeX Font Info:    ... okay on input line 70.
LaTeX Font Info:    Checking defaults for OMS/ntxsy/m/n on input line 70.
LaTeX Font Info:    Try loading font information for OMS+ntxsy on input line 70
.

(/usr/local/texlive/2015/texmf-dist/tex/latex/newtx/omsntxsy.fd
File: omsntxsy.fd 2012/11/14 Fontinst v1.933 font definitions for OMS/ntxsy.
)
LaTeX Font Info:    ... okay on input line 70.
LaTeX Font Info:    Checking defaults for OMX/cmex/m/n on input line 70.
LaTeX Font Info:    ... okay on input line 70.
LaTeX Font Info:    Checking defaults for U/ntxexa/m/n on input line 70.
LaTeX Font Info:    Try loading font information for U+ntxexa on input line 70.


(/usr/local/texlive/2015/texmf-dist/tex/latex/newtx/untxexa.fd
File: untxexa.fd 2012/04/16 Fontinst v1.933 font definitions for U/ntxexa.
)
LaTeX Font Info:    ... okay on input line 70.
LaTeX Font Info:    Checking defaults for TS1/cmr/m/n on input line 70.
LaTeX Font Info:    Try loading font information for TS1+cmr on input line 70.

(/usr/local/texlive/2015/texmf-dist/tex/latex/base/ts1cmr.fd
File: ts1cmr.fd 2014/09/29 v2.5h Standard LaTeX font definitions
)
LaTeX Font Info:    ... okay on input line 70.
LaTeX Font Info:    Checking defaults for LMX/ntxexx/m/n on input line 70.
LaTeX Font Info:    ... okay on input line 70.
\c@mv@tabular=\count116
\c@mv@boldtabular=\count117

(/usr/local/texlive/2015/texmf-dist/tex/context/base/supp-pdf.mkii
[Loading MPS to PDF converter (version 2006.09.02).]
\scratchcounter=\count118
\scratchdimen=\dimen123
\scratchbox=\box33
\nofMPsegments=\count119
\nofMParguments=\count120
\everyMPshowfont=\toks24
\MPscratchCnt=\count121
\MPscratchDim=\dimen124
\MPnumerator=\count122
\makeMPintoPDFobject=\count123
\everyMPtoPDFconversion=\toks25
) (/usr/local/texlive/2015/texmf-dist/tex/generic/oberdiek/pdftexcmds.sty
Package: pdftexcmds 2011/11/29 v0.20 Utility functions of pdfTeX for LuaTeX (HO
)

(/usr/local/texlive/2015/texmf-dist/tex/generic/oberdiek/ifpdf.sty
Package: ifpdf 2011/01/30 v2.3 Provides the ifpdf switch (HO)
Package ifpdf Info: pdfTeX in PDF mode is detected.
)
Package pdftexcmds Info: LuaTeX not detected.
Package pdftexcmds Info: \pdf@primitive is available.
Package pdftexcmds Info: \pdf@ifprimitive is available.
Package pdftexcmds Info: \pdfdraftmode found.
)
(/usr/local/texlive/2015/texmf-dist/tex/latex/oberdiek/epstopdf-base.sty
Package: epstopdf-base 2010/02/09 v2.5 Base part for package epstopdf

(/usr/local/texlive/2015/texmf-dist/tex/latex/oberdiek/grfext.sty
Package: grfext 2010/08/19 v1.1 Manage graphics extensions (HO)

(/usr/local/texlive/2015/texmf-dist/tex/generic/oberdiek/kvdefinekeys.sty
Package: kvdefinekeys 2011/04/07 v1.3 Define keys (HO)
))
(/usr/local/texlive/2015/texmf-dist/tex/latex/oberdiek/kvoptions.sty
Package: kvoptions 2011/06/30 v3.11 Key value format for package options (HO)

(/usr/local/texlive/2015/texmf-dist/tex/generic/oberdiek/kvsetkeys.sty
Package: kvsetkeys 2012/04/25 v1.16 Key value parser (HO)

(/usr/local/texlive/2015/texmf-dist/tex/generic/oberdiek/etexcmds.sty
Package: etexcmds 2011/02/16 v1.5 Avoid name clashes with e-TeX commands (HO)
Package etexcmds Info: Could not find \expanded.
(etexcmds)             That can mean that you are not using pdfTeX 1.50 or
(etexcmds)             that some package has redefined \expanded.
(etexcmds)             In the latter case, load this package earlier.
)))
Package grfext Info: Graphics extension search list:
(grfext)             [.png,.pdf,.jpg,.mps,.jpeg,.jbig2,.jb2,.PNG,.PDF,.JPG,.JPE
G,.JBIG2,.JB2,.eps]
(grfext)             \AppendGraphicsExtensions on input line 452.

(/usr/local/texlive/2015/texmf-dist/tex/latex/latexconfig/epstopdf-sys.cfg
File: epstopdf-sys.cfg 2010/07/13 v1.3 Configuration of (r)epstopdf for TeX Liv
e
))
ABD: EverySelectfont initializing macros
LaTeX Info: Redefining \selectfont on input line 70.
LaTeX Font Info:    Font shape `T1/ntxtlf/m/n' will be
(Font)              scaled to size 14.4pt on input line 84.
LaTeX Font Info:    Font shape `T1/ntxtlf/bx/n' in size <14.4> not available
(Font)              Font shape `T1/ntxtlf/b/n' tried instead on input line 84.
LaTeX Font Info:    Font shape `T1/ntxtlf/b/n' will be
(Font)              scaled to size 14.4pt on input line 84.
LaTeX Font Info:    Font shape `T1/ntxtlf/bx/n' in size <10> not available
(Font)              Font shape `T1/ntxtlf/b/n' tried instead on input line 105.

LaTeX Font Info:    Font shape `T1/ntxtlf/b/n' will be
(Font)              scaled to size 10.0pt on input line 105.
LaTeX Font Info:    Font shape `T1/ntxtlf/m/n' will be
(Font)              scaled to size 7.3pt on input line 105.
LaTeX Font Info:    Font shape `T1/ntxtlf/m/n' will be
(Font)              scaled to size 5.5pt on input line 105.
LaTeX Font Info:    Try loading font information for U+ntxmia on input line 105
.

(/usr/local/texlive/2015/texmf-dist/tex/latex/newtx/untxmia.fd
File: untxmia.fd 2012/04/16 Fontinst v1.933 font definitions for U/ntxmia.
)
LaTeX Font Info:    Try loading font information for U+ntxsym on input line 105
.

(/usr/local/texlive/2015/texmf-dist/tex/latex/newtx/untxsym.fd
File: untxsym.fd 2015/03/20 Fontinst v1.933 font definitions for U/ntxsym.
)
LaTeX Font Info:    Try loading font information for U+ntxsyc on input line 105
.

(/usr/local/texlive/2015/texmf-dist/tex/latex/newtx/untxsyc.fd
File: untxsyc.fd 2012/04/12 Fontinst v1.933 font definitions for U/ntxsyc.
)
LaTeX Font Info:    Try loading font information for TS1+ntxtlf on input line 1
05.

(/usr/local/texlive/2015/texmf-dist/tex/latex/newtx/ts1ntxtlf.fd
File: ts1ntxtlf.fd 2015/01/18 v1.0 fd file for TS1/ntxtlf
)
LaTeX Font Info:    Font shape `TS1/ntxtlf/m/n' will be
(Font)              scaled to size 7.3pt on input line 105.
LaTeX Font Info:    Font shape `T1/ntxtlf/m/n' will be
(Font)              scaled to size 8.0pt on input line 105.
LaTeX Font Info:    Font shape `T1/ntxtlf/m/n' will be
(Font)              scaled to size 6.2pt on input line 105.
LaTeX Font Info:    Font shape `TS1/ntxtlf/m/n' will be
(Font)              scaled to size 6.2pt on input line 105.
LaTeX Font Info:    Try loading font information for T1+ntxsups on input line 1
27.

(/usr/local/texlive/2015/texmf-dist/tex/latex/newtx/t1ntxsups.fd
File: t1ntxsups.fd 2015/01/17 v1.0
)
LaTeX Font Info:    Font shape `T1/ntxsups/m/n' will be
(Font)              scaled to size 8.0pt on input line 127.
LaTeX Font Info:    Font shape `T1/ntxtlf/m/n' will be
(Font)              scaled to size 9.0pt on input line 127.
LaTeX Font Info:    Try loading font information for T1+ntxtt on input line 127
.

(/usr/local/texlive/2015/texmf-dist/tex/latex/newtx/t1ntxtt.fd
File: t1ntxtt.fd 2012/04/20 v3.1
)
LaTeX Font Info:    Font shape `T1/ntxtt/m/n' will be
(Font)              scaled to size 9.0pt on input line 127.
LaTeX Font Info:    Font shape `T1/ntxtlf/m/n' will be
(Font)              scaled to size 5.0pt on input line 143.
LaTeX Font Info:    Font shape `T1/ntxtlf/m/it' will be
(Font)              scaled to size 9.0pt on input line 160.
 [1{/usr/local/texlive/2015/texmf-var/fonts/map/pdftex/updmap/pdftex.map}]
Overfull \hbox (4.7428pt too wide) in paragraph at lines 160--162
\T1/ntxtlf/m/n/10 It is the pur-pose of this pa-per to pro-vide a com-pre-hen-s
ive doc-u-men-ta-tion of the new NCAR 
 []

LaTeX Font Info:    Font shape `T1/ntxtlf/m/n' will be
(Font)              scaled to size 10.5pt on input line 195.
LaTeX Font Info:    Font shape `T1/ntxtlf/bx/n' in size <10.5> not available
(Font)              Font shape `T1/ntxtlf/b/n' tried instead on input line 195.

LaTeX Font Info:    Font shape `T1/ntxtlf/b/n' will be
(Font)              scaled to size 10.5pt on input line 195.
LaTeX Font Info:    Font shape `T1/ntxtlf/m/it' will be
(Font)              scaled to size 10.0pt on input line 196.
<figs/grids.pdf, id=12, 749.80125pt x 342.27875pt>
File: figs/grids.pdf Graphic file (type pdf)
 <use figs/grids.pdf>
Package pdftex.def Info: figs/grids.pdf used on input line 199.
(pdftex.def)             Requested size: 337.40744pt x 154.024pt.
LaTeX Font Info:    Font shape `T1/ntxtlf/bx/n' in size <9> not available
(Font)              Font shape `T1/ntxtlf/b/n' tried instead on input line 200.

LaTeX Font Info:    Font shape `T1/ntxtlf/b/n' will be
(Font)              scaled to size 9.0pt on input line 200.

Underfull \hbox (badness 10000) in paragraph at lines 200--200
[]\T1/ntxtlf/b/n/9 Figure  1. \T1/ntxtlf/m/n/9 (a) The gnomonic equi-angular cu
bed-sphere grid that de-fine the el-e-ments in CAM-SE. The red
 []


Underfull \hbox (badness 10000) in paragraph at lines 200--200
\T1/ntxtlf/m/n/9 lines show the cubed-sphere panel edges. (b) A low res-o-lu-ti
on con-for-mal mesh-refinement grid (el-e-ments)
 []


Overfull \hbox (7.57523pt too wide) in paragraph at lines 196--203
\T1/ntxtlf/m/n/10 nam-i-cal core in CAM sup-ports uni-form res-o-lu-tion grids 
based on the equi-angular gnomonic 
 []


LaTeX Warning: `h' float specifier changed to `ht'.


Underfull \vbox (badness 10000) has occurred while \output is active []

 [2]
Overfull \hbox (4.72026pt too wide) in paragraph at lines 211--212
\T1/ntxtlf/m/n/10 con-ser-va-tion. Cur-rently the en-ergy fixer in CAM is based
 on a dry to-tal en-ergy [\T1/ntxtlf/m/it/10 Williamson 
 []

LaTeX Font Info:    Font shape `T1/ntxsups/m/n' will be
(Font)              scaled to size 10.0pt on input line 213.
LaTeX Font Info:    Font shape `T1/ntxtt/m/n' will be
(Font)              scaled to size 8.0pt on input line 213.

Underfull \hbox (badness 10000) in paragraph at lines 213--213
| [][]\T1/ntxtlf/m/n/8 the CAM6 physics tag is \T1/ntxtt/m/n/8 cam5_4_128 \T1/n
txtlf/m/n/8 which is a near fi-nal pre-release ver-sion of the CESM2.0-CAM6 phy
sics pack-
 []


Underfull \vbox (badness 3460) has occurred while \output is active []

 [3 <./figs/grids.pdf>] [4] [5]
LaTeX Font Info:    Font shape `T1/ntxtlf/bx/it' in size <10> not available
(Font)              Font shape `T1/ntxtlf/b/it' tried instead on input line 331
.
LaTeX Font Info:    Font shape `T1/ntxtlf/b/it' will be
(Font)              scaled to size 10.0pt on input line 331.
 [6] [7] [8] [9]
LaTeX Font Info:    Font shape `T1/ntxtt/m/n' will be
(Font)              scaled to size 10.0pt on input line 444.
LaTeX Font Info:    Font shape `T1/ntxtt/m/n' will be
(Font)              scaled to size 7.3pt on input line 444.
LaTeX Font Info:    Font shape `T1/ntxtt/m/n' will be
(Font)              scaled to size 5.5pt on input line 444.
 [10] [11]
Overfull \hbox (43.4426pt too wide) in paragraph at lines 502--503
[]\T1/ntxtlf/m/n/10 The moist mass-weighted ve-loc-ity com-po-nents, $[][] \OML
/ntxmi/m/it/10 m[]\U/ntxmia/m/it/10 ^^A\OMS/ntxsy/m/n/10 P[]\OML/ntxmi/m/it/10 
u[]$ \T1/ntxtlf/m/n/10 and $[][] \OML/ntxmi/m/it/10 m[]\U/ntxmia/m/it/10 ^^A\OM
S/ntxsy/m/n/10 P[]\OML/ntxmi/m/it/10 v[]$ 
 []

<figs/cs_gll4_2017.pdf, id=65, 476.78125pt x 275.0275pt>
File: figs/cs_gll4_2017.pdf Graphic file (type pdf)

<use figs/cs_gll4_2017.pdf>
Package pdftex.def Info: figs/cs_gll4_2017.pdf used on input line 506.
(pdftex.def)             Requested size: 357.58505pt x 206.27011pt.

Underfull \hbox (badness 10000) in paragraph at lines 511--511
[]\T1/ntxtlf/b/n/9 Figure  2. \T1/ntxtlf/m/n/9 The left panel shows the Gauss-L
obatto-Legendre (GLL) grid with $\OML/ntxmi/m/it/9 N[] \OMS/ntxsy/m/n/9 ^^B \OM
L/ntxmi/m/it/9 N[]$ \T1/ntxtlf/m/n/9 quadra-ture points
 []


Underfull \hbox (badness 10000) in paragraph at lines 511--511
\T1/ntxtlf/m/n/9 de-fined on a stan-dard el-e-ment $[\OMS/ntxsy/m/n/9 ^^@\T1/nt
xtlf/m/n/9 1\OML/ntxmi/m/it/9 ; \T1/ntxtlf/m/n/9 1][]$, where $\OML/ntxmi/m/it/
9 N[] \U/ntxmia/m/it/9 = \T1/ntxtlf/m/n/9 4$. The right panel shows the cubed-s
phere ($\OMS/ntxsy/m/n/9 S$\T1/ntxtlf/m/n/9 ) grid
 []


Underfull \hbox (badness 10000) in paragraph at lines 511--511
\T1/ntxtlf/m/n/9 sys-tem tiled with $6\OML/ntxmi/m/it/9 N[]$ \T1/ntxtlf/m/n/9 s
pec-tral el-e-ments $\U/ntxmia/m/it/9 
[]$\T1/ntxtlf/m/n/9 , where $\OML/ntxmi/m/it/9 N[]$ \T1/ntxtlf/m/n/9 is the num
-ber of el-e-ments in each co-or-di-nate di-rec-tion
 []


LaTeX Warning: `h' float specifier changed to `ht'.

LaTeX Font Info:    Font shape `T1/ntxtlf/b/n' will be
(Font)              scaled to size 7.3pt on input line 522.
LaTeX Font Info:    Font shape `T1/ntxtlf/b/n' will be
(Font)              scaled to size 5.5pt on input line 522.
[12] [13 <./figs/cs_gll4_2017.pdf>] [14] [15]
Overfull \hbox (22.15741pt too wide) in paragraph at lines 720--722
[]\T1/ntxtlf/m/n/10 The time-steps in CAM-SE are con-trolled with namelist vari
-ables \T1/ntxtt/m/n/10 se_nsplit\T1/ntxtlf/m/n/10 ,\T1/ntxtt/m/n/10 se_rsplit\
T1/ntxtlf/m/n/10 , 
 []


Underfull \hbox (badness 10000) in paragraph at lines 730--730
[]\T1/ntxtlf/b/n/9 Table 1. \T1/ntxtlf/m/n/9 The ta-ble shows physics time-step
 (col-umn 3), sub-cycling pa-ram-e-ters (columns 4-6) as a func-
 []


Underfull \hbox (badness 10000) in paragraph at lines 730--730
\T1/ntxtlf/m/n/9 tion of res-o-lu-tion (col-umn 1-2). The hor-i-zon-tal res-o-l
u-tion is spec-i-fied in the for-mat $\OML/ntxmi/m/it/9 ne\T1/ntxtlf/m/n/9 30\O
ML/ntxmi/m/it/9 np\T1/ntxtlf/m/n/9 4$ which refers to
 []


Overfull \hbox (25.38089pt too wide) in paragraph at lines 732--746
 [][] 
 []

[16]
Overfull \hbox (10.81348pt too wide) in paragraph at lines 758--759
[]\T1/ntxtlf/m/n/10 In this con-fig-u-ra-tion the en-tire physics forc-ing is a
dded to the dy-nam-ics state $\U/ntxmia/m/it/10 ^^A\OML/ntxmi/m/it/10 t[]F[]$ 
 []

[17]
Overfull \hbox (5.15349pt too wide) in paragraph at lines 781--783
\T1/ntxtlf/m/n/10 where $\OML/ntxmi/m/it/10 z[]$ \T1/ntxtlf/m/n/10 is the heigh
t of the model top com-puted by it-er-a-tively solv-ing [] with $\OML/ntxmi/m/i
t/10 p\U/ntxmia/m/it/10 }\OML/ntxmi/m/it/10 '; z\U/ntxmia/m/it/10 ~ = 
 []

[18] <figs/01_baro_init.pdf, id=153, 433.61552pt x 522.37346pt>
File: figs/01_baro_init.pdf Graphic file (type pdf)

<use figs/01_baro_init.pdf>
Package pdftex.def Info: figs/01_baro_init.pdf used on input line 800.
(pdftex.def)             Requested size: 240.0pt x 289.12361pt.

Underfull \hbox (badness 10000) in paragraph at lines 801--801
[]\T1/ntxtlf/b/n/9 Figure  3. \T1/ntxtlf/m/n/9 (Up-per) Zon-ally av-er-aged dry
 (or-ange) and moist (blue) sur-face pres-sure as a func-tion of lat-i-tude
 []


Underfull \hbox (badness 10000) in paragraph at lines 801--801
\T1/ntxtlf/m/n/9 for the nu-mer-i-cally com-puted ini-tial con-di-tion for the 
moist baro-clinic wave at $1[]$ hor-i-zon-tal res-o-lu-tion and
 []


Underfull \hbox (badness 10000) in paragraph at lines 801--801
\T1/ntxtlf/m/n/9 30 lev-els (CAM5 con-fig-u-ra-tion). Due to in-creased wa-ter 
va-por to-wards the Equa-tor the dry sur-face pres-sure
 []


Underfull \hbox (badness 10000) in paragraph at lines 801--801
\T1/ntxtlf/m/n/9 de-creases whereas the moist sur-face pres-sure is con-stant. 
(lower) Same as the up-per plot but show-ing moist
 []


Underfull \hbox (badness 10000) in paragraph at lines 801--801
\T1/ntxtlf/m/n/9 sur-face pres-sure where wa-ter va-por has been ini-tial-ized 
by eval-u-at-ing the an-a-lytic spe-cific hu-mid-ity for-mula
 []


Underfull \hbox (badness 10000) in paragraph at lines 801--801
\T1/ntxtlf/m/n/9 at full lev-els (pur-ple) and ini-tial-iz-ing the mix-ing ra-t
io for wa-ter va-por in terms of moist and dry pres-sures at
 []


Underfull \hbox (badness 10000) in paragraph at lines 801--801
\T1/ntxtlf/m/n/9 half lev-els which ef-fec-tively in-te-grates hu-mid-ity over 
the layer (blue). Note that the up-per and lower plots have
 []


LaTeX Warning: `h' float specifier changed to `ht'.


Overfull \hbox (30.34525pt too wide) in paragraph at lines 808--809
\T1/ntxtlf/m/n/10 that the con-fig-u-ra-tion eas-ily runs from CESM with-out co
de con-fig-u-ra-tions us-ing the `\T1/ntxtlf/b/n/10 FKESSLER 
 []

<figs/02_baro_wave.pdf, id=154, 794.97pt x 614.295pt>
File: figs/02_baro_wave.pdf Graphic file (type pdf)

<use figs/02_baro_wave.pdf>
Package pdftex.def Info: figs/02_baro_wave.pdf used on input line 814.
(pdftex.def)             Requested size: 396.0pt x 306.00319pt.

Underfull \hbox (badness 10000) in paragraph at lines 815--815
[]\T1/ntxtlf/b/n/9 Figure  4. \T1/ntxtlf/m/n/9 Left col-umn shows moist sur-fac
e pres-sure at day 10 for the moist baro-clinic wave test case for
 []


Underfull \hbox (badness 10000) in paragraph at lines 815--815
\T1/ntxtlf/m/n/9 (row 1) the finite-volume dy-nam-i-cal core, (row 2) CAM-HOMME
 ver-sion of the SE dy-nam-i-cal core based
 []


Underfull \hbox (badness 10000) in paragraph at lines 815--815
\T1/ntxtlf/m/n/9 on a moist pres-sure ver-ti-cal co-or-di-nate and (row 3) the 
dry-mass ver-ti-cal co-or-di-nate ver-sion of SE pre-sented
 []


Underfull \hbox (badness 10000) in paragraph at lines 815--815
\T1/ntxtlf/m/n/9 in this pa-per. The right col-umn is the same as the left but 
for large-scale pre-cip-i-ta-tion rate. All re-sults on this
 []


LaTeX Warning: `h' float specifier changed to `ht'.

(./l2.tex [19] <figs/l2.pdf, id=159, 263.5225pt x 522.11131pt>
File: figs/l2.pdf Graphic file (type pdf)

<use figs/l2.pdf>
Package pdftex.def Info: figs/l2.pdf used on input line 13.
(pdftex.def)             Requested size: 240.0pt x 475.5124pt.

Underfull \hbox (badness 10000) in paragraph at lines 14--14
[]\T1/ntxtlf/b/n/9 Figure  5. \T1/ntxtlf/m/n/9 (Up-per) $\OML/ntxmi/m/it/9 l[]$
 \T1/ntxtlf/m/n/9 dif-fer-ence norms of $\OML/ntxmi/m/it/9 p[]$ \T1/ntxtlf/m/n/
9 in the moist baro-clinic wave sim-u-la-tions. $\OML/ntxmi/m/it/9 l[]$ \T1/ntx
tlf/m/n/9 val-ues ly-ing
 []


Underfull \hbox (badness 10000) in paragraph at lines 14--14
\T1/ntxtlf/m/n/9 within the yel-low re-gion fall be-low the es-ti-mate of the u
n-cer-tainty in the ref-er-ence so-lu-tion (black curve).
 []


Underfull \vbox (badness 10000) has occurred while \output is active []

 [20 <./figs/01_baro_init.pdf>]

LaTeX Warning: `h' float specifier changed to `ht'.

) (./ape.tex
Overfull \hbox (5.10767pt too wide) in paragraph at lines 2--3
[]\T1/ntxtlf/m/n/10 The 'CESM sim-pler mod-els' ef-fort also sup-ports aqua-pla
net con-fig-u-ra-tions [\T1/ntxtlf/m/it/10 Medeiros 
 []


Overfull \hbox (2.58278pt too wide) in paragraph at lines 2--3
\T1/ntxtlf/m/n/10 [2000]). The lack of a sea-sonal cy-cle al-lows one to com-pu
te ro-bust statis-tics from a shorter 
 []


Underfull \vbox (badness 10000) has occurred while \output is active []

 [21 <./figs/02_baro_wave.pdf, page is rotated 270 degrees>]
Underfull \vbox (badness 10000) has occurred while \output is active []

 [22]
<figs/kespectra.pdf, id=184, 410.6326pt x 397.53137pt>
File: figs/kespectra.pdf Graphic file (type pdf)

<use figs/kespectra.pdf>
Package pdftex.def Info: figs/kespectra.pdf used on input line 22.
(pdftex.def)             Requested size: 240.0pt x 232.34564pt.

Underfull \hbox (badness 10000) in paragraph at lines 23--23
[]\T1/ntxtlf/b/n/9 Figure  6. \T1/ntxtlf/m/n/9 To-tal ki-netic en-ergy spec-tru
m of the hor-i-zon-tal winds at the 200 hPa level in CAM-HOMME and
 []


LaTeX Warning: `h' float specifier changed to `ht'.

<figs/dzonal_prect.pdf, id=185, 409.6594pt x 523.57938pt>
File: figs/dzonal_prect.pdf Graphic file (type pdf)

<use figs/dzonal_prect.pdf>
Package pdftex.def Info: figs/dzonal_prect.pdf used on input line 29.
(pdftex.def)             Requested size: 240.0pt x 306.7361pt.

Underfull \hbox (badness 10000) in paragraph at lines 30--30
[]\T1/ntxtlf/b/n/9 Figure  7. \T1/ntxtlf/m/n/9 (A) The zon-ally av-er-aged to-t
al pre-cip-i-ta-tion rates in the aqua-planet sim-u-la-tions, av-er-aged over
 []


Underfull \hbox (badness 10000) in paragraph at lines 30--30
\T1/ntxtlf/m/n/9 the fi-nal 4 years of a 4.5 years sim-u-la-tion. La-bels are d
e-fined in the text (B) The change in the to-tal pre-cip-
 []


Underfull \hbox (badness 10000) in paragraph at lines 30--30
\T1/ntxtlf/m/n/9 i-ta-tion rate be-tween two sim-u-la-tions de-noted by the la-
bel. The shad-ing in-di-cates where the dif-fer-ences are
 []


LaTeX Warning: `h' float specifier changed to `ht'.

<figs/schematic.pdf, id=186, 1554.80875pt x 619.31375pt>
File: figs/schematic.pdf Graphic file (type pdf)

<use figs/schematic.pdf>
Package pdftex.def Info: figs/schematic.pdf used on input line 43.
(pdftex.def)             Requested size: 360.0pt x 143.3936pt.

Underfull \hbox (badness 10000) in paragraph at lines 44--44
[]\T1/ntxtlf/b/n/9 Figure  8. \T1/ntxtlf/m/n/9 (a) A schematic il-lus-tra-tion 
of the in-flu-ence of the lim-iter on the ver-ti-cal remap-ping of the winds
 []


Underfull \hbox (badness 10000) in paragraph at lines 44--44
\T1/ntxtlf/m/n/9 of the low-est model level, in a con-ver-gent flow regime. Sol
id black lines show the layer in-ter-face, and the
 []


Underfull \hbox (badness 10000) in paragraph at lines 44--44
\T1/ntxtlf/m/n/9 dashed line shows the top of the low-est model level in the fo
l-low-ing time-step. The model winds are de-noted
 []


Underfull \hbox (badness 10000) in paragraph at lines 44--44
\T1/ntxtlf/m/n/9 as blue-bars, while the PPM re-con-struc-tion is shown as the 
pink curve. The green bar is the wind com-puted
 []


Underfull \hbox (badness 10000) in paragraph at lines 44--44
\T1/ntxtlf/m/n/9 by in-te-grat-ing the re-con-struc-tion from the top of level 
1 to the top of level 1 in the fol-low-ing time-step. No-
 []


Underfull \hbox (badness 10000) in paragraph at lines 44--44
\T1/ntxtlf/m/n/9 ta-tions are pro-vided in the text. (b) Time-mean, zon-ally av
-er-aged low-est model level merid-ional wind in the
 []


LaTeX Warning: `h' float specifier changed to `ht'.

) (./conservation.tex
Overfull \hbox (11.08281pt too wide) in paragraph at lines 2--3
\T1/ntxtlf/m/n/10 are writ-ten to his-tory tapes and the to-tal in-te-grals of 
AAM are com-puted as a post-processing 
 []


Underfull \vbox (badness 10000) has occurred while \output is active []

 [23])
<figs/aam.pdf, id=190, 513.13165pt x 539.9052pt>
File: figs/aam.pdf Graphic file (type pdf)
 <use figs/aam.pdf>
Package pdftex.def Info: figs/aam.pdf used on input line 825.
(pdftex.def)             Requested size: 360.0pt x 378.7796pt.

Underfull \hbox (badness 10000) in paragraph at lines 826--826
[]\T1/ntxtlf/b/n/9 Figure  9. \T1/ntxtlf/m/n/9 The first row shows to-tal (col-
umn 1), wind (col-umn 2) and mass (col-umn3) AAM as a func-tion
 []


Underfull \hbox (badness 10000) in paragraph at lines 826--826
\T1/ntxtlf/m/n/9 of time for the first year of the CAM6 aqua-planet sim-u-la-ti
on. The re-main-ing plots show to-tal, wind and mass
 []


Underfull \hbox (badness 10000) in paragraph at lines 826--826
\T1/ntxtlf/m/n/9 AAM torques as a func-tion of time (col-umn 1,2,3, re-spec-tiv
ely) for the dy-nam-i-cal core (row 2) and pa-ram-e-
 []


Underfull \hbox (badness 10000) in paragraph at lines 826--826
\T1/ntxtlf/m/n/9 ter-i-za-tions (row 3). Note that it is nec-es-sary to en-larg
e the y-axis of the dy-nam-i-cal core torque by a fac-tor of
 []


Underfull \hbox (badness 10000) in paragraph at lines 826--826
\T1/ntxtlf/m/n/9 ap-prox-i-mately 100 to vi-su-al-ize the dy-nam-i-cal core tor
que. Hence the spu-ri-ous torque from the dy-nam-i-cal core
 []


LaTeX Warning: `h' float specifier changed to `ht'.

(./performance.tex)
Underfull \vbox (badness 3417) has occurred while \output is active []

 [24]
Overfull \hbox (15.80725pt too wide) in paragraph at lines 993--997
\T1/ntxtlf/m/n/10 is fol-lowed by a DSS op-er-a-tion which yields the dis-crete
 Lapla-cian ($\OML/ntxmi/m/it/10 L\U/ntxmia/m/it/10 }\OML/ntxmi/m/it/10 ^^^[]\U
/ntxmia/m/it/10 ~ \OMS/ntxsy/m/n/10 ) \OML/ntxmi/m/it/10 div\U/ntxmia/m/it/10 }
\OML/ntxmi/m/it/10 grad\U/ntxmia/m/it/10 }\OML/ntxmi/m/it/10 ^^^[]\U/ntxmia/m/i
t/10 ~~$\T1/ntxtlf/m/n/10 ).  
 []

[25] [26]
Overfull \hbox (7.40031pt too wide) in paragraph at lines 1093--1095
\T1/ntxtlf/m/n/10 (where the hy-dro-static bal-ance equa-tion [] has been used 
on the right-hand side of []) 
 []

[27]
Overfull \hbox (6.23584pt too wide) in paragraph at lines 1131--1133
\T1/ntxtlf/m/n/10 by ex-pand-ing $\OML/ntxmi/m/it/10 c[]$ \T1/ntxtlf/m/n/10 us-
ing [], re-arranging terms and us-ing that $\U/ntxmia/m/it/10 ^^H[] = \OML/ntxm
i/m/it/10 gz[]$ \T1/ntxtlf/m/n/10 is time-independent 
 []

[28] [29]
Overfull \hbox (0.19524pt too wide) in paragraph at lines 1255--1257
\T1/ntxtlf/m/n/10 The Na-tional Cen-ter for At-mo-spheric Re-search is spon-sor
ed by the Na-tional Sci-ence Foun- 
 []

(./dry-mass.bbl [30]
Underfull \hbox (badness 1803) in paragraph at lines 160--163
[]\T1/ntxtlf/m/n/10 Lauritzen, P. H., and S. Gold-haber (2017), \T1/ntxtlf/m/it
/10 CESM sim-pler mod-els: Moist baro- 
 []


Underfull \vbox (badness 10000) has occurred while \output is active []

 [31]
Underfull \vbox (badness 10000) has occurred while \output is active []

 [32]
Underfull \vbox (badness 10000) has occurred while \output is active []

 [33])
[34] [35 <./figs/l2.pdf>] [36 <./figs/kespectra.pdf>] [37 <./figs/dzonal_prect.
pdf> <./figs/schematic.pdf>] [38 <./figs/aam.pdf>] (./dry-mass.aux) )
(\end occurred inside a group at level 1)

### simple group (level 1) entered at line 196 ({)
### bottom level 
Here is how much of TeX's memory you used:
 6419 strings out of 493089
 85783 string characters out of 6134842
 161424 words of memory out of 5000000
 9682 multiletter control sequences out of 15000+600000
 98138 words of font info for 148 fonts, out of 8000000 for 9000
 1147 hyphenation exceptions out of 8191
 41i,15n,37p,2075b,489s stack positions out of 5000i,500n,10000p,200000b,80000s
{/usr/local/texlive/2015/texmf-dist/fonts/enc/dvips/newtx/ntx-e
c-tlf.enc}{/usr/local/texlive/2015/texmf-dist/fonts/enc/dvips/base/8r.enc}{/usr
/local/texlive/2015/texmf-dist/fonts/enc/dvips/base/ec.enc}{/usr/local/texlive/
2015/texmf-dist/fonts/enc/dvips/tex-gyre/q-ts1.enc}</usr/local/texlive/2015/tex
mf-dist/fonts/type1/public/newtx/ntxsups-Regular.pfb></usr/local/texlive/2015/t
exmf-dist/fonts/type1/public/tex-gyre/qtmb.pfb></usr/local/texlive/2015/texmf-d
ist/fonts/type1/public/tex-gyre/qtmbi.pfb></usr/local/texlive/2015/texmf-dist/f
onts/type1/public/tex-gyre/qtmr.pfb></usr/local/texlive/2015/texmf-dist/fonts/t
ype1/public/tex-gyre/qtmri.pfb></usr/local/texlive/2015/texmf-dist/fonts/type1/
public/newtx/rntxmi.pfb></usr/local/texlive/2015/texmf-dist/fonts/type1/public/
newtx/rntxmi5.pfb></usr/local/texlive/2015/texmf-dist/fonts/type1/public/newtx/
rntxmi7.pfb></usr/local/texlive/2015/texmf-dist/fonts/type1/public/txfonts/rtxm
i.pfb></usr/local/texlive/2015/texmf-dist/fonts/type1/public/newtx/rtxmi5.pfb><
/usr/local/texlive/2015/texmf-dist/fonts/type1/public/newtx/rtxmi7.pfb></usr/lo
cal/texlive/2015/texmf-dist/fonts/type1/public/txfonts/rtxr.pfb></usr/local/tex
live/2015/texmf-dist/fonts/type1/public/txfonts/t1xtt.pfb></usr/local/texlive/2
015/texmf-dist/fonts/type1/public/newtx/txex-bar.pfb></usr/local/texlive/2015/t
exmf-dist/fonts/type1/public/txfonts/txex.pfb></usr/local/texlive/2015/texmf-di
st/fonts/type1/public/txfonts/txexa.pfb></usr/local/texlive/2015/texmf-dist/fon
ts/type1/public/txfonts/txmia.pfb></usr/local/texlive/2015/texmf-dist/fonts/typ
e1/public/txfonts/txsy.pfb></usr/local/texlive/2015/texmf-dist/fonts/type1/publ
ic/txfonts/txsyc.pfb></usr/local/texlive/2015/texmf-dist/fonts/type1/urw/times/
utmr8a.pfb></usr/local/texlive/2015/texmf-dist/fonts/type1/urw/times/utmri8a.pf
b>
Output written on dry-mass.pdf (38 pages, 2148361 bytes).
PDF statistics:
 355 PDF objects out of 1000 (max. 8388607)
 253 compressed objects within 3 object streams
 0 named destinations out of 1000 (max. 500000)
 46 words of extra memory for PDF output out of 10000 (max. 10000000)

