

*******************************************************************************
Tue Oct 31 08:57:40 2017


FIT:    data read from 'perf.dat'
        format = z
        #datapoints = 7
        residuals are weighted equally (unit weight)

function used for fitting: f(x)
	f(x) = a*x**2 + b*x + c
BREAK: Need via and either parameter list or file

*******************************************************************************
Tue Oct 31 08:57:54 2017


FIT:    data read from 'perf.dat' using 1:2
        format = x:z
        #datapoints = 7
        residuals are weighted equally (unit weight)

function used for fitting: f(x)
	f(x) = a*x**2 + b*x + c
fitted parameters initialized with current variable values

BREAK: no parameter specified

*******************************************************************************
Tue Oct 31 08:57:59 2017


FIT:    data read from 'perf.dat' using 1:2
        format = x:z
        #datapoints = 7
        residuals are weighted equally (unit weight)

function used for fitting: f(x)
	f(x) = a*x**2 + b*x + c
fitted parameters initialized with current variable values

iter      chisq       delta/lim  lambda   a             b             c            
   0 9.0877410402e+14   0.00e+00  6.58e+06    1.000000e+00   1.000000e+00   1.000000e+00
  10 1.2321002057e-01  -4.82e-01  6.58e-04   -6.047404e-07   1.318494e-02  -2.143197e-01

After 10 iterations the fit converged.
final sum of squares of residuals : 0.12321
rel. change during last iteration : -4.81733e-06

degrees of freedom    (FIT_NDF)                        : 4
rms of residuals      (FIT_STDFIT) = sqrt(WSSR/ndf)    : 0.175506
variance of residuals (reduced chisquare) = WSSR/ndf   : 0.0308025

Final set of parameters            Asymptotic Standard Error
=======================            ==========================
a               = -6.0474e-07      +/- 2.733e-08    (4.52%)
b               = 0.0131849        +/- 0.000157     (1.191%)
c               = -0.21432         +/- 0.1338       (62.41%)

correlation matrix of the fit parameters:
                a      b      c      
a               1.000 
b              -0.969  1.000 
c               0.724 -0.820  1.000 


*******************************************************************************
Tue Oct 31 09:02:52 2017


FIT:    data read from 'perf.dat' using 1:2
        format = x:z
        #datapoints = 7
        residuals are weighted equally (unit weight)

function used for fitting: f(x)
	f(x) = a*x**2 + b*x + c
fitted parameters initialized with current variable values

iter      chisq       delta/lim  lambda   a             b             c            
   0 9.0877410402e+14   0.00e+00  6.58e+06    1.000000e+00   1.000000e+00   1.000000e+00
  10 1.2321002057e-01  -4.82e-01  6.58e-04   -6.047404e-07   1.318494e-02  -2.143197e-01

After 10 iterations the fit converged.
final sum of squares of residuals : 0.12321
rel. change during last iteration : -4.81733e-06

degrees of freedom    (FIT_NDF)                        : 4
rms of residuals      (FIT_STDFIT) = sqrt(WSSR/ndf)    : 0.175506
variance of residuals (reduced chisquare) = WSSR/ndf   : 0.0308025

Final set of parameters            Asymptotic Standard Error
=======================            ==========================
a               = -6.0474e-07      +/- 2.733e-08    (4.52%)
b               = 0.0131849        +/- 0.000157     (1.191%)
c               = -0.21432         +/- 0.1338       (62.41%)

correlation matrix of the fit parameters:
                a      b      c      
a               1.000 
b              -0.969  1.000 
c               0.724 -0.820  1.000 


*******************************************************************************
Tue Oct 31 09:04:16 2017


FIT:    data read from 'perf.dat' using 1:2
        format = x:z
        #datapoints = 7
        residuals are weighted equally (unit weight)

function used for fitting: f(x)
fitted parameters initialized with current variable values



*******************************************************************************
Tue Oct 31 09:04:58 2017


FIT:    data read from 'perf.dat' using 1:2
        format = x:z
        #datapoints = 7
        residuals are weighted equally (unit weight)

function used for fitting: f(x)
	f(x) = a*x**2+b*x+c
fitted parameters initialized with current variable values

iter      chisq       delta/lim  lambda   a             b             c            
   0 9.0877410402e+14   0.00e+00  6.58e+06    1.000000e+00   1.000000e+00   1.000000e+00
  10 1.2321002057e-01  -4.82e-01  6.58e-04   -6.047404e-07   1.318494e-02  -2.143197e-01

After 10 iterations the fit converged.
final sum of squares of residuals : 0.12321
rel. change during last iteration : -4.81733e-06

degrees of freedom    (FIT_NDF)                        : 4
rms of residuals      (FIT_STDFIT) = sqrt(WSSR/ndf)    : 0.175506
variance of residuals (reduced chisquare) = WSSR/ndf   : 0.0308025

Final set of parameters            Asymptotic Standard Error
=======================            ==========================
a               = -6.0474e-07      +/- 2.733e-08    (4.52%)
b               = 0.0131849        +/- 0.000157     (1.191%)
c               = -0.21432         +/- 0.1338       (62.41%)

correlation matrix of the fit parameters:
                a      b      c      
a               1.000 
b              -0.969  1.000 
c               0.724 -0.820  1.000 


*******************************************************************************
Tue Oct 31 09:05:06 2017


FIT:    data read from 'perf.dat' using 1:2
        format = x:z
        #datapoints = 7
        residuals are weighted equally (unit weight)

function used for fitting: f(x)
	f(x) = a*x**2+b*x+c
fitted parameters initialized with current variable values

iter      chisq       delta/lim  lambda   a             b             c            
   0 9.0877410402e+14   0.00e+00  6.58e+06    1.000000e+00   1.000000e+00   1.000000e+00
  10 1.2321002057e-01  -4.82e-01  6.58e-04   -6.047404e-07   1.318494e-02  -2.143197e-01

After 10 iterations the fit converged.
final sum of squares of residuals : 0.12321
rel. change during last iteration : -4.81733e-06

degrees of freedom    (FIT_NDF)                        : 4
rms of residuals      (FIT_STDFIT) = sqrt(WSSR/ndf)    : 0.175506
variance of residuals (reduced chisquare) = WSSR/ndf   : 0.0308025

Final set of parameters            Asymptotic Standard Error
=======================            ==========================
a               = -6.0474e-07      +/- 2.733e-08    (4.52%)
b               = 0.0131849        +/- 0.000157     (1.191%)
c               = -0.21432         +/- 0.1338       (62.41%)

correlation matrix of the fit parameters:
                a      b      c      
a               1.000 
b              -0.969  1.000 
c               0.724 -0.820  1.000 


*******************************************************************************
Tue Oct 31 09:05:27 2017


FIT:    data read from 'perf.dat' using 1:2
        format = x:z
        #datapoints = 7
        residuals are weighted equally (unit weight)

function used for fitting: f(x)
	f(x) = a*x**2+b*x+c
fitted parameters initialized with current variable values

iter      chisq       delta/lim  lambda   a             b             c            
   0 9.0877410402e+14   0.00e+00  6.58e+06    1.000000e+00   1.000000e+00   1.000000e+00
  10 1.2321002057e-01  -4.82e-01  6.58e-04   -6.047404e-07   1.318494e-02  -2.143197e-01

After 10 iterations the fit converged.
final sum of squares of residuals : 0.12321
rel. change during last iteration : -4.81733e-06

degrees of freedom    (FIT_NDF)                        : 4
rms of residuals      (FIT_STDFIT) = sqrt(WSSR/ndf)    : 0.175506
variance of residuals (reduced chisquare) = WSSR/ndf   : 0.0308025

Final set of parameters            Asymptotic Standard Error
=======================            ==========================
a               = -6.0474e-07      +/- 2.733e-08    (4.52%)
b               = 0.0131849        +/- 0.000157     (1.191%)
c               = -0.21432         +/- 0.1338       (62.41%)

correlation matrix of the fit parameters:
                a      b      c      
a               1.000 
b              -0.969  1.000 
c               0.724 -0.820  1.000 


*******************************************************************************
Tue Oct 31 09:05:33 2017


FIT:    data read from 'perf.dat' using 1:2
        format = x:z
        #datapoints = 7
        residuals are weighted equally (unit weight)

function used for fitting: f(x)
	f(x) = a*x**2+b*x+c
fitted parameters initialized with current variable values

iter      chisq       delta/lim  lambda   a             b             c            
   0 9.0877410402e+14   0.00e+00  6.58e+06    1.000000e+00   1.000000e+00   1.000000e+00
  10 1.2321002057e-01  -4.82e-01  6.58e-04   -6.047404e-07   1.318494e-02  -2.143197e-01

After 10 iterations the fit converged.
final sum of squares of residuals : 0.12321
rel. change during last iteration : -4.81733e-06

degrees of freedom    (FIT_NDF)                        : 4
rms of residuals      (FIT_STDFIT) = sqrt(WSSR/ndf)    : 0.175506
variance of residuals (reduced chisquare) = WSSR/ndf   : 0.0308025

Final set of parameters            Asymptotic Standard Error
=======================            ==========================
a               = -6.0474e-07      +/- 2.733e-08    (4.52%)
b               = 0.0131849        +/- 0.000157     (1.191%)
c               = -0.21432         +/- 0.1338       (62.41%)

correlation matrix of the fit parameters:
                a      b      c      
a               1.000 
b              -0.969  1.000 
c               0.724 -0.820  1.000 


*******************************************************************************
Tue Oct 31 09:06:06 2017


FIT:    data read from 'perf.dat' using 1:2
        format = x:z
        #datapoints = 7
        residuals are weighted equally (unit weight)

function used for fitting: f(x)
	f(x) = a*x**2+b*x+c
fitted parameters initialized with current variable values

iter      chisq       delta/lim  lambda   a             b             c            
   0 9.0877410402e+14   0.00e+00  6.58e+06    1.000000e+00   1.000000e+00   1.000000e+00
  10 1.2321002057e-01  -4.82e-01  6.58e-04   -6.047404e-07   1.318494e-02  -2.143197e-01

After 10 iterations the fit converged.
final sum of squares of residuals : 0.12321
rel. change during last iteration : -4.81733e-06

degrees of freedom    (FIT_NDF)                        : 4
rms of residuals      (FIT_STDFIT) = sqrt(WSSR/ndf)    : 0.175506
variance of residuals (reduced chisquare) = WSSR/ndf   : 0.0308025

Final set of parameters            Asymptotic Standard Error
=======================            ==========================
a               = -6.0474e-07      +/- 2.733e-08    (4.52%)
b               = 0.0131849        +/- 0.000157     (1.191%)
c               = -0.21432         +/- 0.1338       (62.41%)

correlation matrix of the fit parameters:
                a      b      c      
a               1.000 
b              -0.969  1.000 
c               0.724 -0.820  1.000 


*******************************************************************************
Tue Oct 31 09:06:56 2017


FIT:    data read from 'perf.dat' using 1:2
        format = x:z
        #datapoints = 7
        residuals are weighted equally (unit weight)

function used for fitting: f(x)
	f(x) = a*x**2+b*x+c
fitted parameters initialized with current variable values

iter      chisq       delta/lim  lambda   a             b             c            
   0 9.0877410402e+14   0.00e+00  6.58e+06    1.000000e+00   1.000000e+00   1.000000e+00
  10 1.2321002057e-01  -4.82e-01  6.58e-04   -6.047404e-07   1.318494e-02  -2.143197e-01

After 10 iterations the fit converged.
final sum of squares of residuals : 0.12321
rel. change during last iteration : -4.81733e-06

degrees of freedom    (FIT_NDF)                        : 4
rms of residuals      (FIT_STDFIT) = sqrt(WSSR/ndf)    : 0.175506
variance of residuals (reduced chisquare) = WSSR/ndf   : 0.0308025

Final set of parameters            Asymptotic Standard Error
=======================            ==========================
a               = -6.0474e-07      +/- 2.733e-08    (4.52%)
b               = 0.0131849        +/- 0.000157     (1.191%)
c               = -0.21432         +/- 0.1338       (62.41%)

correlation matrix of the fit parameters:
                a      b      c      
a               1.000 
b              -0.969  1.000 
c               0.724 -0.820  1.000 


*******************************************************************************
Tue Oct 31 09:07:17 2017


FIT:    data read from 'perf.dat' using 1:2
        format = x:z
        #datapoints = 7
        residuals are weighted equally (unit weight)

function used for fitting: f(x)
	f(x) = a*x**2+b*x+c
fitted parameters initialized with current variable values

iter      chisq       delta/lim  lambda   a             b             c            
   0 9.0877410402e+14   0.00e+00  6.58e+06    1.000000e+00   1.000000e+00   1.000000e+00
  10 1.2321002057e-01  -4.82e-01  6.58e-04   -6.047404e-07   1.318494e-02  -2.143197e-01

After 10 iterations the fit converged.
final sum of squares of residuals : 0.12321
rel. change during last iteration : -4.81733e-06

degrees of freedom    (FIT_NDF)                        : 4
rms of residuals      (FIT_STDFIT) = sqrt(WSSR/ndf)    : 0.175506
variance of residuals (reduced chisquare) = WSSR/ndf   : 0.0308025

Final set of parameters            Asymptotic Standard Error
=======================            ==========================
a               = -6.0474e-07      +/- 2.733e-08    (4.52%)
b               = 0.0131849        +/- 0.000157     (1.191%)
c               = -0.21432         +/- 0.1338       (62.41%)

correlation matrix of the fit parameters:
                a      b      c      
a               1.000 
b              -0.969  1.000 
c               0.724 -0.820  1.000 


*******************************************************************************
Tue Oct 31 09:07:34 2017


FIT:    data read from 'perf.dat' using 1:2
        format = x:z
        #datapoints = 7
        residuals are weighted equally (unit weight)

function used for fitting: f(x)
	f(x) = a*x**2+b*x+c
fitted parameters initialized with current variable values

iter      chisq       delta/lim  lambda   a             b             c            
   0 9.0877410402e+14   0.00e+00  6.58e+06    1.000000e+00   1.000000e+00   1.000000e+00
  10 1.2321002057e-01  -4.82e-01  6.58e-04   -6.047404e-07   1.318494e-02  -2.143197e-01

After 10 iterations the fit converged.
final sum of squares of residuals : 0.12321
rel. change during last iteration : -4.81733e-06

degrees of freedom    (FIT_NDF)                        : 4
rms of residuals      (FIT_STDFIT) = sqrt(WSSR/ndf)    : 0.175506
variance of residuals (reduced chisquare) = WSSR/ndf   : 0.0308025

Final set of parameters            Asymptotic Standard Error
=======================            ==========================
a               = -6.0474e-07      +/- 2.733e-08    (4.52%)
b               = 0.0131849        +/- 0.000157     (1.191%)
c               = -0.21432         +/- 0.1338       (62.41%)

correlation matrix of the fit parameters:
                a      b      c      
a               1.000 
b              -0.969  1.000 
c               0.724 -0.820  1.000 


*******************************************************************************
Tue Oct 31 09:08:29 2017


FIT:    data read from 'perf.dat' using 1:2
        format = x:z
        #datapoints = 7
        residuals are weighted equally (unit weight)

function used for fitting: f(x)
	f(x) = a*x**2+b*x+c
fitted parameters initialized with current variable values

iter      chisq       delta/lim  lambda   a             b             c            
   0 9.0877410402e+14   0.00e+00  6.58e+06    1.000000e+00   1.000000e+00   1.000000e+00
  10 1.2321002057e-01  -4.82e-01  6.58e-04   -6.047404e-07   1.318494e-02  -2.143197e-01

After 10 iterations the fit converged.
final sum of squares of residuals : 0.12321
rel. change during last iteration : -4.81733e-06

degrees of freedom    (FIT_NDF)                        : 4
rms of residuals      (FIT_STDFIT) = sqrt(WSSR/ndf)    : 0.175506
variance of residuals (reduced chisquare) = WSSR/ndf   : 0.0308025

Final set of parameters            Asymptotic Standard Error
=======================            ==========================
a               = -6.0474e-07      +/- 2.733e-08    (4.52%)
b               = 0.0131849        +/- 0.000157     (1.191%)
c               = -0.21432         +/- 0.1338       (62.41%)

correlation matrix of the fit parameters:
                a      b      c      
a               1.000 
b              -0.969  1.000 
c               0.724 -0.820  1.000 


*******************************************************************************
Tue Oct 31 09:08:55 2017


FIT:    data read from 'perf.dat' using 1:2
        format = x:z
        #datapoints = 7
        residuals are weighted equally (unit weight)

function used for fitting: f(x)
	f(x) = a*x**2+b*x+c
fitted parameters initialized with current variable values

iter      chisq       delta/lim  lambda   a             b             c            
   0 9.0877410402e+14   0.00e+00  6.58e+06    1.000000e+00   1.000000e+00   1.000000e+00
  10 1.2321002057e-01  -4.82e-01  6.58e-04   -6.047404e-07   1.318494e-02  -2.143197e-01

After 10 iterations the fit converged.
final sum of squares of residuals : 0.12321
rel. change during last iteration : -4.81733e-06

degrees of freedom    (FIT_NDF)                        : 4
rms of residuals      (FIT_STDFIT) = sqrt(WSSR/ndf)    : 0.175506
variance of residuals (reduced chisquare) = WSSR/ndf   : 0.0308025

Final set of parameters            Asymptotic Standard Error
=======================            ==========================
a               = -6.0474e-07      +/- 2.733e-08    (4.52%)
b               = 0.0131849        +/- 0.000157     (1.191%)
c               = -0.21432         +/- 0.1338       (62.41%)

correlation matrix of the fit parameters:
                a      b      c      
a               1.000 
b              -0.969  1.000 
c               0.724 -0.820  1.000 


*******************************************************************************
Tue Oct 31 09:09:24 2017


FIT:    data read from 'perf.dat' using 1:2
        format = x:z
        #datapoints = 7
        residuals are weighted equally (unit weight)

function used for fitting: f(x)
	f(x) = a*x**2+b*x+c
fitted parameters initialized with current variable values

iter      chisq       delta/lim  lambda   a             b             c            
   0 9.0877410402e+14   0.00e+00  6.58e+06    1.000000e+00   1.000000e+00   1.000000e+00
  10 1.2321002057e-01  -4.82e-01  6.58e-04   -6.047404e-07   1.318494e-02  -2.143197e-01

After 10 iterations the fit converged.
final sum of squares of residuals : 0.12321
rel. change during last iteration : -4.81733e-06

degrees of freedom    (FIT_NDF)                        : 4
rms of residuals      (FIT_STDFIT) = sqrt(WSSR/ndf)    : 0.175506
variance of residuals (reduced chisquare) = WSSR/ndf   : 0.0308025

Final set of parameters            Asymptotic Standard Error
=======================            ==========================
a               = -6.0474e-07      +/- 2.733e-08    (4.52%)
b               = 0.0131849        +/- 0.000157     (1.191%)
c               = -0.21432         +/- 0.1338       (62.41%)

correlation matrix of the fit parameters:
                a      b      c      
a               1.000 
b              -0.969  1.000 
c               0.724 -0.820  1.000 


*******************************************************************************
Tue Oct 31 09:10:34 2017


FIT:    data read from 'perf.dat' using 1:2
        format = x:z
        #datapoints = 7
        residuals are weighted equally (unit weight)

function used for fitting: f(x)
	f(x) = a*x**2+b*x+c
fitted parameters initialized with current variable values

iter      chisq       delta/lim  lambda   a             b             c            
   0 9.0877410402e+14   0.00e+00  6.58e+06    1.000000e+00   1.000000e+00   1.000000e+00
  10 1.2321002057e-01  -4.82e-01  6.58e-04   -6.047404e-07   1.318494e-02  -2.143197e-01

After 10 iterations the fit converged.
final sum of squares of residuals : 0.12321
rel. change during last iteration : -4.81733e-06

degrees of freedom    (FIT_NDF)                        : 4
rms of residuals      (FIT_STDFIT) = sqrt(WSSR/ndf)    : 0.175506
variance of residuals (reduced chisquare) = WSSR/ndf   : 0.0308025

Final set of parameters            Asymptotic Standard Error
=======================            ==========================
a               = -6.0474e-07      +/- 2.733e-08    (4.52%)
b               = 0.0131849        +/- 0.000157     (1.191%)
c               = -0.21432         +/- 0.1338       (62.41%)

correlation matrix of the fit parameters:
                a      b      c      
a               1.000 
b              -0.969  1.000 
c               0.724 -0.820  1.000 


*******************************************************************************
Tue Oct 31 09:10:56 2017


FIT:    data read from 'perf.dat' using 1:2
        format = x:z
        #datapoints = 7
        residuals are weighted equally (unit weight)

function used for fitting: f(x)
	f(x) = a*x**2+b*x+c
fitted parameters initialized with current variable values

iter      chisq       delta/lim  lambda   a             b             c            
   0 9.0877410402e+14   0.00e+00  6.58e+06    1.000000e+00   1.000000e+00   1.000000e+00
  10 1.2321002057e-01  -4.82e-01  6.58e-04   -6.047404e-07   1.318494e-02  -2.143197e-01

After 10 iterations the fit converged.
final sum of squares of residuals : 0.12321
rel. change during last iteration : -4.81733e-06

degrees of freedom    (FIT_NDF)                        : 4
rms of residuals      (FIT_STDFIT) = sqrt(WSSR/ndf)    : 0.175506
variance of residuals (reduced chisquare) = WSSR/ndf   : 0.0308025

Final set of parameters            Asymptotic Standard Error
=======================            ==========================
a               = -6.0474e-07      +/- 2.733e-08    (4.52%)
b               = 0.0131849        +/- 0.000157     (1.191%)
c               = -0.21432         +/- 0.1338       (62.41%)

correlation matrix of the fit parameters:
                a      b      c      
a               1.000 
b              -0.969  1.000 
c               0.724 -0.820  1.000 


*******************************************************************************
Tue Oct 31 09:12:27 2017


FIT:    data read from 'perf.dat' using 1:2
        format = x:z
        #datapoints = 7
        residuals are weighted equally (unit weight)

function used for fitting: f(x)
	f(x) = a*x**2+b*x+c
fitted parameters initialized with current variable values

iter      chisq       delta/lim  lambda   a             b             c            
   0 9.0877410402e+14   0.00e+00  6.58e+06    1.000000e+00   1.000000e+00   1.000000e+00
  10 1.2321002057e-01  -4.82e-01  6.58e-04   -6.047404e-07   1.318494e-02  -2.143197e-01

After 10 iterations the fit converged.
final sum of squares of residuals : 0.12321
rel. change during last iteration : -4.81733e-06

degrees of freedom    (FIT_NDF)                        : 4
rms of residuals      (FIT_STDFIT) = sqrt(WSSR/ndf)    : 0.175506
variance of residuals (reduced chisquare) = WSSR/ndf   : 0.0308025

Final set of parameters            Asymptotic Standard Error
=======================            ==========================
a               = -6.0474e-07      +/- 2.733e-08    (4.52%)
b               = 0.0131849        +/- 0.000157     (1.191%)
c               = -0.21432         +/- 0.1338       (62.41%)

correlation matrix of the fit parameters:
                a      b      c      
a               1.000 
b              -0.969  1.000 
c               0.724 -0.820  1.000 


*******************************************************************************
Tue Oct 31 09:13:05 2017


FIT:    data read from 'perf.dat' using 1:2
        format = x:z
        #datapoints = 7
        residuals are weighted equally (unit weight)

function used for fitting: f(x)
	f(x) = a*x**2+b*x+c
fitted parameters initialized with current variable values

iter      chisq       delta/lim  lambda   a             b             c            
   0 9.0877410402e+14   0.00e+00  6.58e+06    1.000000e+00   1.000000e+00   1.000000e+00
  10 1.2321002057e-01  -4.82e-01  6.58e-04   -6.047404e-07   1.318494e-02  -2.143197e-01

After 10 iterations the fit converged.
final sum of squares of residuals : 0.12321
rel. change during last iteration : -4.81733e-06

degrees of freedom    (FIT_NDF)                        : 4
rms of residuals      (FIT_STDFIT) = sqrt(WSSR/ndf)    : 0.175506
variance of residuals (reduced chisquare) = WSSR/ndf   : 0.0308025

Final set of parameters            Asymptotic Standard Error
=======================            ==========================
a               = -6.0474e-07      +/- 2.733e-08    (4.52%)
b               = 0.0131849        +/- 0.000157     (1.191%)
c               = -0.21432         +/- 0.1338       (62.41%)

correlation matrix of the fit parameters:
                a      b      c      
a               1.000 
b              -0.969  1.000 
c               0.724 -0.820  1.000 


*******************************************************************************
Tue Oct 31 09:13:24 2017


FIT:    data read from 'perf.dat' using 1:2
        format = x:z
        #datapoints = 7
        residuals are weighted equally (unit weight)

function used for fitting: f(x)
	f(x) = a*x**2+b*x+c
fitted parameters initialized with current variable values

iter      chisq       delta/lim  lambda   a             b             c            
   0 9.0877410402e+14   0.00e+00  6.58e+06    1.000000e+00   1.000000e+00   1.000000e+00
  10 1.2321002057e-01  -4.82e-01  6.58e-04   -6.047404e-07   1.318494e-02  -2.143197e-01

After 10 iterations the fit converged.
final sum of squares of residuals : 0.12321
rel. change during last iteration : -4.81733e-06

degrees of freedom    (FIT_NDF)                        : 4
rms of residuals      (FIT_STDFIT) = sqrt(WSSR/ndf)    : 0.175506
variance of residuals (reduced chisquare) = WSSR/ndf   : 0.0308025

Final set of parameters            Asymptotic Standard Error
=======================            ==========================
a               = -6.0474e-07      +/- 2.733e-08    (4.52%)
b               = 0.0131849        +/- 0.000157     (1.191%)
c               = -0.21432         +/- 0.1338       (62.41%)

correlation matrix of the fit parameters:
                a      b      c      
a               1.000 
b              -0.969  1.000 
c               0.724 -0.820  1.000 


*******************************************************************************
Tue Oct 31 09:13:40 2017


FIT:    data read from 'perf.dat' using 1:2
        format = x:z
        #datapoints = 7
        residuals are weighted equally (unit weight)

function used for fitting: f(x)
	f(x) = a*x**2+b*x+c
fitted parameters initialized with current variable values

iter      chisq       delta/lim  lambda   a             b             c            
   0 9.0877410402e+14   0.00e+00  6.58e+06    1.000000e+00   1.000000e+00   1.000000e+00
  10 1.2321002057e-01  -4.82e-01  6.58e-04   -6.047404e-07   1.318494e-02  -2.143197e-01

After 10 iterations the fit converged.
final sum of squares of residuals : 0.12321
rel. change during last iteration : -4.81733e-06

degrees of freedom    (FIT_NDF)                        : 4
rms of residuals      (FIT_STDFIT) = sqrt(WSSR/ndf)    : 0.175506
variance of residuals (reduced chisquare) = WSSR/ndf   : 0.0308025

Final set of parameters            Asymptotic Standard Error
=======================            ==========================
a               = -6.0474e-07      +/- 2.733e-08    (4.52%)
b               = 0.0131849        +/- 0.000157     (1.191%)
c               = -0.21432         +/- 0.1338       (62.41%)

correlation matrix of the fit parameters:
                a      b      c      
a               1.000 
b              -0.969  1.000 
c               0.724 -0.820  1.000 


*******************************************************************************
Tue Oct 31 09:14:33 2017


FIT:    data read from 'perf.dat' using 1:2
        format = x:z
        #datapoints = 7
        residuals are weighted equally (unit weight)

function used for fitting: f(x)
	f(x) = a*x**2+b*x+c
fitted parameters initialized with current variable values

iter      chisq       delta/lim  lambda   a             b             c            
   0 9.0877410402e+14   0.00e+00  6.58e+06    1.000000e+00   1.000000e+00   1.000000e+00
  10 1.2321002057e-01  -4.82e-01  6.58e-04   -6.047404e-07   1.318494e-02  -2.143197e-01

After 10 iterations the fit converged.
final sum of squares of residuals : 0.12321
rel. change during last iteration : -4.81733e-06

degrees of freedom    (FIT_NDF)                        : 4
rms of residuals      (FIT_STDFIT) = sqrt(WSSR/ndf)    : 0.175506
variance of residuals (reduced chisquare) = WSSR/ndf   : 0.0308025

Final set of parameters            Asymptotic Standard Error
=======================            ==========================
a               = -6.0474e-07      +/- 2.733e-08    (4.52%)
b               = 0.0131849        +/- 0.000157     (1.191%)
c               = -0.21432         +/- 0.1338       (62.41%)

correlation matrix of the fit parameters:
                a      b      c      
a               1.000 
b              -0.969  1.000 
c               0.724 -0.820  1.000 


*******************************************************************************
Tue Oct 31 09:15:57 2017


FIT:    data read from 'perf.dat' using 1:2
        format = x:z
        #datapoints = 7
        residuals are weighted equally (unit weight)

function used for fitting: f(x)
	f(x) = a*x**2+b*x+c
fitted parameters initialized with current variable values

iter      chisq       delta/lim  lambda   a             b             c            
   0 9.0877410402e+14   0.00e+00  6.58e+06    1.000000e+00   1.000000e+00   1.000000e+00
  10 1.2321002057e-01  -4.82e-01  6.58e-04   -6.047404e-07   1.318494e-02  -2.143197e-01

After 10 iterations the fit converged.
final sum of squares of residuals : 0.12321
rel. change during last iteration : -4.81733e-06

degrees of freedom    (FIT_NDF)                        : 4
rms of residuals      (FIT_STDFIT) = sqrt(WSSR/ndf)    : 0.175506
variance of residuals (reduced chisquare) = WSSR/ndf   : 0.0308025

Final set of parameters            Asymptotic Standard Error
=======================            ==========================
a               = -6.0474e-07      +/- 2.733e-08    (4.52%)
b               = 0.0131849        +/- 0.000157     (1.191%)
c               = -0.21432         +/- 0.1338       (62.41%)

correlation matrix of the fit parameters:
                a      b      c      
a               1.000 
b              -0.969  1.000 
c               0.724 -0.820  1.000 


*******************************************************************************
Tue Oct 31 09:16:11 2017


FIT:    data read from 'perf.dat' using 1:2
        format = x:z
        #datapoints = 7
        residuals are weighted equally (unit weight)

function used for fitting: f(x)
	f(x) = a*x**2+b*x+c
fitted parameters initialized with current variable values

iter      chisq       delta/lim  lambda   a             b             c            
   0 9.0877410402e+14   0.00e+00  6.58e+06    1.000000e+00   1.000000e+00   1.000000e+00
  10 1.2321002057e-01  -4.82e-01  6.58e-04   -6.047404e-07   1.318494e-02  -2.143197e-01

After 10 iterations the fit converged.
final sum of squares of residuals : 0.12321
rel. change during last iteration : -4.81733e-06

degrees of freedom    (FIT_NDF)                        : 4
rms of residuals      (FIT_STDFIT) = sqrt(WSSR/ndf)    : 0.175506
variance of residuals (reduced chisquare) = WSSR/ndf   : 0.0308025

Final set of parameters            Asymptotic Standard Error
=======================            ==========================
a               = -6.0474e-07      +/- 2.733e-08    (4.52%)
b               = 0.0131849        +/- 0.000157     (1.191%)
c               = -0.21432         +/- 0.1338       (62.41%)

correlation matrix of the fit parameters:
                a      b      c      
a               1.000 
b              -0.969  1.000 
c               0.724 -0.820  1.000 


*******************************************************************************
Tue Oct 31 09:16:58 2017


FIT:    data read from 'perf.dat' using 1:2
        format = x:z
        #datapoints = 7
        residuals are weighted equally (unit weight)

function used for fitting: f(x)
	f(x) = a*x**2+b*x+c
fitted parameters initialized with current variable values

iter      chisq       delta/lim  lambda   a             b             c            
   0 9.0877410402e+14   0.00e+00  6.58e+06    1.000000e+00   1.000000e+00   1.000000e+00
  10 1.2321002057e-01  -4.82e-01  6.58e-04   -6.047404e-07   1.318494e-02  -2.143197e-01

After 10 iterations the fit converged.
final sum of squares of residuals : 0.12321
rel. change during last iteration : -4.81733e-06

degrees of freedom    (FIT_NDF)                        : 4
rms of residuals      (FIT_STDFIT) = sqrt(WSSR/ndf)    : 0.175506
variance of residuals (reduced chisquare) = WSSR/ndf   : 0.0308025

Final set of parameters            Asymptotic Standard Error
=======================            ==========================
a               = -6.0474e-07      +/- 2.733e-08    (4.52%)
b               = 0.0131849        +/- 0.000157     (1.191%)
c               = -0.21432         +/- 0.1338       (62.41%)

correlation matrix of the fit parameters:
                a      b      c      
a               1.000 
b              -0.969  1.000 
c               0.724 -0.820  1.000 


*******************************************************************************
Tue Oct 31 09:17:25 2017


FIT:    data read from 'perf.dat' using 1:2
        format = x:z
        #datapoints = 7
        residuals are weighted equally (unit weight)

function used for fitting: f(x)
	f(x) = a*x**2+b*x+c
fitted parameters initialized with current variable values

iter      chisq       delta/lim  lambda   a             b             c            
   0 9.0877410402e+14   0.00e+00  6.58e+06    1.000000e+00   1.000000e+00   1.000000e+00
  10 1.2321002057e-01  -4.82e-01  6.58e-04   -6.047404e-07   1.318494e-02  -2.143197e-01

After 10 iterations the fit converged.
final sum of squares of residuals : 0.12321
rel. change during last iteration : -4.81733e-06

degrees of freedom    (FIT_NDF)                        : 4
rms of residuals      (FIT_STDFIT) = sqrt(WSSR/ndf)    : 0.175506
variance of residuals (reduced chisquare) = WSSR/ndf   : 0.0308025

Final set of parameters            Asymptotic Standard Error
=======================            ==========================
a               = -6.0474e-07      +/- 2.733e-08    (4.52%)
b               = 0.0131849        +/- 0.000157     (1.191%)
c               = -0.21432         +/- 0.1338       (62.41%)

correlation matrix of the fit parameters:
                a      b      c      
a               1.000 
b              -0.969  1.000 
c               0.724 -0.820  1.000 


*******************************************************************************
Tue Oct 31 09:17:43 2017


FIT:    data read from 'perf.dat' using 1:2
        format = x:z
        #datapoints = 7
        residuals are weighted equally (unit weight)

function used for fitting: f(x)
	f(x) = a*x**2+b*x+c
fitted parameters initialized with current variable values

iter      chisq       delta/lim  lambda   a             b             c            
   0 9.0877410402e+14   0.00e+00  6.58e+06    1.000000e+00   1.000000e+00   1.000000e+00
  10 1.2321002057e-01  -4.82e-01  6.58e-04   -6.047404e-07   1.318494e-02  -2.143197e-01

After 10 iterations the fit converged.
final sum of squares of residuals : 0.12321
rel. change during last iteration : -4.81733e-06

degrees of freedom    (FIT_NDF)                        : 4
rms of residuals      (FIT_STDFIT) = sqrt(WSSR/ndf)    : 0.175506
variance of residuals (reduced chisquare) = WSSR/ndf   : 0.0308025

Final set of parameters            Asymptotic Standard Error
=======================            ==========================
a               = -6.0474e-07      +/- 2.733e-08    (4.52%)
b               = 0.0131849        +/- 0.000157     (1.191%)
c               = -0.21432         +/- 0.1338       (62.41%)

correlation matrix of the fit parameters:
                a      b      c      
a               1.000 
b              -0.969  1.000 
c               0.724 -0.820  1.000 


*******************************************************************************
Tue Oct 31 09:18:05 2017


FIT:    data read from 'perf.dat' using 1:2
        format = x:z
        #datapoints = 7
        residuals are weighted equally (unit weight)

function used for fitting: f(x)
	f(x) = a*x**2+b*x+c
fitted parameters initialized with current variable values

iter      chisq       delta/lim  lambda   a             b             c            
   0 9.0877410402e+14   0.00e+00  6.58e+06    1.000000e+00   1.000000e+00   1.000000e+00
  10 1.2321002057e-01  -4.82e-01  6.58e-04   -6.047404e-07   1.318494e-02  -2.143197e-01

After 10 iterations the fit converged.
final sum of squares of residuals : 0.12321
rel. change during last iteration : -4.81733e-06

degrees of freedom    (FIT_NDF)                        : 4
rms of residuals      (FIT_STDFIT) = sqrt(WSSR/ndf)    : 0.175506
variance of residuals (reduced chisquare) = WSSR/ndf   : 0.0308025

Final set of parameters            Asymptotic Standard Error
=======================            ==========================
a               = -6.0474e-07      +/- 2.733e-08    (4.52%)
b               = 0.0131849        +/- 0.000157     (1.191%)
c               = -0.21432         +/- 0.1338       (62.41%)

correlation matrix of the fit parameters:
                a      b      c      
a               1.000 
b              -0.969  1.000 
c               0.724 -0.820  1.000 


*******************************************************************************
Tue Oct 31 09:19:22 2017


FIT:    data read from 'perf.dat' using 1:2
        format = x:z
        #datapoints = 7
        residuals are weighted equally (unit weight)

function used for fitting: f(x)
	f(x) = a*x**2+b*x+c
fitted parameters initialized with current variable values

iter      chisq       delta/lim  lambda   a             b             c            
   0 9.0877410402e+14   0.00e+00  6.58e+06    1.000000e+00   1.000000e+00   1.000000e+00
  10 1.2321002057e-01  -4.82e-01  6.58e-04   -6.047404e-07   1.318494e-02  -2.143197e-01

After 10 iterations the fit converged.
final sum of squares of residuals : 0.12321
rel. change during last iteration : -4.81733e-06

degrees of freedom    (FIT_NDF)                        : 4
rms of residuals      (FIT_STDFIT) = sqrt(WSSR/ndf)    : 0.175506
variance of residuals (reduced chisquare) = WSSR/ndf   : 0.0308025

Final set of parameters            Asymptotic Standard Error
=======================            ==========================
a               = -6.0474e-07      +/- 2.733e-08    (4.52%)
b               = 0.0131849        +/- 0.000157     (1.191%)
c               = -0.21432         +/- 0.1338       (62.41%)

correlation matrix of the fit parameters:
                a      b      c      
a               1.000 
b              -0.969  1.000 
c               0.724 -0.820  1.000 


*******************************************************************************
Tue Oct 31 09:19:45 2017


FIT:    data read from 'perf.dat' using 1:2
        format = x:z
        #datapoints = 7
        residuals are weighted equally (unit weight)

function used for fitting: f(x)
	f(x) = a*x**2+b*x+c
fitted parameters initialized with current variable values

iter      chisq       delta/lim  lambda   a             b             c            
   0 9.0877410402e+14   0.00e+00  6.58e+06    1.000000e+00   1.000000e+00   1.000000e+00
  10 1.2321002057e-01  -4.82e-01  6.58e-04   -6.047404e-07   1.318494e-02  -2.143197e-01

After 10 iterations the fit converged.
final sum of squares of residuals : 0.12321
rel. change during last iteration : -4.81733e-06

degrees of freedom    (FIT_NDF)                        : 4
rms of residuals      (FIT_STDFIT) = sqrt(WSSR/ndf)    : 0.175506
variance of residuals (reduced chisquare) = WSSR/ndf   : 0.0308025

Final set of parameters            Asymptotic Standard Error
=======================            ==========================
a               = -6.0474e-07      +/- 2.733e-08    (4.52%)
b               = 0.0131849        +/- 0.000157     (1.191%)
c               = -0.21432         +/- 0.1338       (62.41%)

correlation matrix of the fit parameters:
                a      b      c      
a               1.000 
b              -0.969  1.000 
c               0.724 -0.820  1.000 


*******************************************************************************
Tue Oct 31 09:20:47 2017


FIT:    data read from 'perf.dat' using 1:2
        format = x:z
        #datapoints = 7
        residuals are weighted equally (unit weight)

function used for fitting: f(x)
	f(x) = a*x**2+b*x+c
fitted parameters initialized with current variable values

iter      chisq       delta/lim  lambda   a             b             c            
   0 9.0877410402e+14   0.00e+00  6.58e+06    1.000000e+00   1.000000e+00   1.000000e+00
  10 1.2321002057e-01  -4.82e-01  6.58e-04   -6.047404e-07   1.318494e-02  -2.143197e-01

After 10 iterations the fit converged.
final sum of squares of residuals : 0.12321
rel. change during last iteration : -4.81733e-06

degrees of freedom    (FIT_NDF)                        : 4
rms of residuals      (FIT_STDFIT) = sqrt(WSSR/ndf)    : 0.175506
variance of residuals (reduced chisquare) = WSSR/ndf   : 0.0308025

Final set of parameters            Asymptotic Standard Error
=======================            ==========================
a               = -6.0474e-07      +/- 2.733e-08    (4.52%)
b               = 0.0131849        +/- 0.000157     (1.191%)
c               = -0.21432         +/- 0.1338       (62.41%)

correlation matrix of the fit parameters:
                a      b      c      
a               1.000 
b              -0.969  1.000 
c               0.724 -0.820  1.000 


*******************************************************************************
Tue Oct 31 09:20:56 2017


FIT:    data read from 'perf.dat' using 1:2
        format = x:z
        #datapoints = 7
        residuals are weighted equally (unit weight)

function used for fitting: f(x)
	f(x) = a*x**2+b*x+c
fitted parameters initialized with current variable values

iter      chisq       delta/lim  lambda   a             b             c            
   0 9.0877410402e+14   0.00e+00  6.58e+06    1.000000e+00   1.000000e+00   1.000000e+00
  10 1.2321002057e-01  -4.82e-01  6.58e-04   -6.047404e-07   1.318494e-02  -2.143197e-01

After 10 iterations the fit converged.
final sum of squares of residuals : 0.12321
rel. change during last iteration : -4.81733e-06

degrees of freedom    (FIT_NDF)                        : 4
rms of residuals      (FIT_STDFIT) = sqrt(WSSR/ndf)    : 0.175506
variance of residuals (reduced chisquare) = WSSR/ndf   : 0.0308025

Final set of parameters            Asymptotic Standard Error
=======================            ==========================
a               = -6.0474e-07      +/- 2.733e-08    (4.52%)
b               = 0.0131849        +/- 0.000157     (1.191%)
c               = -0.21432         +/- 0.1338       (62.41%)

correlation matrix of the fit parameters:
                a      b      c      
a               1.000 
b              -0.969  1.000 
c               0.724 -0.820  1.000 


*******************************************************************************
Tue Oct 31 09:22:10 2017


FIT:    data read from 'perf.dat' using 1:2
        format = x:z
        #datapoints = 7
        residuals are weighted equally (unit weight)

function used for fitting: f(x)
	f(x) = a*x**2+b*x+c
fitted parameters initialized with current variable values

iter      chisq       delta/lim  lambda   a             b             c            
   0 9.0877410402e+14   0.00e+00  6.58e+06    1.000000e+00   1.000000e+00   1.000000e+00
  10 1.2321002057e-01  -4.82e-01  6.58e-04   -6.047404e-07   1.318494e-02  -2.143197e-01

After 10 iterations the fit converged.
final sum of squares of residuals : 0.12321
rel. change during last iteration : -4.81733e-06

degrees of freedom    (FIT_NDF)                        : 4
rms of residuals      (FIT_STDFIT) = sqrt(WSSR/ndf)    : 0.175506
variance of residuals (reduced chisquare) = WSSR/ndf   : 0.0308025

Final set of parameters            Asymptotic Standard Error
=======================            ==========================
a               = -6.0474e-07      +/- 2.733e-08    (4.52%)
b               = 0.0131849        +/- 0.000157     (1.191%)
c               = -0.21432         +/- 0.1338       (62.41%)

correlation matrix of the fit parameters:
                a      b      c      
a               1.000 
b              -0.969  1.000 
c               0.724 -0.820  1.000 


*******************************************************************************
Tue Oct 31 09:23:22 2017


FIT:    data read from 'perf.dat' using 1:2
        format = x:z
        #datapoints = 7
        residuals are weighted equally (unit weight)

function used for fitting: f(x)
	f(x) = a*x**2+b*x+c
fitted parameters initialized with current variable values

iter      chisq       delta/lim  lambda   a             b             c            
   0 9.0877410402e+14   0.00e+00  6.58e+06    1.000000e+00   1.000000e+00   1.000000e+00
  10 1.2321002057e-01  -4.82e-01  6.58e-04   -6.047404e-07   1.318494e-02  -2.143197e-01

After 10 iterations the fit converged.
final sum of squares of residuals : 0.12321
rel. change during last iteration : -4.81733e-06

degrees of freedom    (FIT_NDF)                        : 4
rms of residuals      (FIT_STDFIT) = sqrt(WSSR/ndf)    : 0.175506
variance of residuals (reduced chisquare) = WSSR/ndf   : 0.0308025

Final set of parameters            Asymptotic Standard Error
=======================            ==========================
a               = -6.0474e-07      +/- 2.733e-08    (4.52%)
b               = 0.0131849        +/- 0.000157     (1.191%)
c               = -0.21432         +/- 0.1338       (62.41%)

correlation matrix of the fit parameters:
                a      b      c      
a               1.000 
b              -0.969  1.000 
c               0.724 -0.820  1.000 


*******************************************************************************
Tue Oct 31 09:24:09 2017


FIT:    data read from 'perf.dat' using 1:2
        format = x:z
        #datapoints = 7
        residuals are weighted equally (unit weight)

function used for fitting: f(x)
	f(x) = a*x**2+b*x+c
fitted parameters initialized with current variable values

iter      chisq       delta/lim  lambda   a             b             c            
   0 9.0877410402e+14   0.00e+00  6.58e+06    1.000000e+00   1.000000e+00   1.000000e+00
  10 1.2321002057e-01  -4.82e-01  6.58e-04   -6.047404e-07   1.318494e-02  -2.143197e-01

After 10 iterations the fit converged.
final sum of squares of residuals : 0.12321
rel. change during last iteration : -4.81733e-06

degrees of freedom    (FIT_NDF)                        : 4
rms of residuals      (FIT_STDFIT) = sqrt(WSSR/ndf)    : 0.175506
variance of residuals (reduced chisquare) = WSSR/ndf   : 0.0308025

Final set of parameters            Asymptotic Standard Error
=======================            ==========================
a               = -6.0474e-07      +/- 2.733e-08    (4.52%)
b               = 0.0131849        +/- 0.000157     (1.191%)
c               = -0.21432         +/- 0.1338       (62.41%)

correlation matrix of the fit parameters:
                a      b      c      
a               1.000 
b              -0.969  1.000 
c               0.724 -0.820  1.000 


*******************************************************************************
Tue Oct 31 09:25:29 2017


FIT:    data read from 'perf.dat' using 1:2
        format = x:z
        #datapoints = 7
        residuals are weighted equally (unit weight)

function used for fitting: f(x)
	f(x) = a*x**2+b*x+c
fitted parameters initialized with current variable values

iter      chisq       delta/lim  lambda   a             b             c            
   0 9.0877410402e+14   0.00e+00  6.58e+06    1.000000e+00   1.000000e+00   1.000000e+00
  10 1.2321002057e-01  -4.82e-01  6.58e-04   -6.047404e-07   1.318494e-02  -2.143197e-01

After 10 iterations the fit converged.
final sum of squares of residuals : 0.12321
rel. change during last iteration : -4.81733e-06

degrees of freedom    (FIT_NDF)                        : 4
rms of residuals      (FIT_STDFIT) = sqrt(WSSR/ndf)    : 0.175506
variance of residuals (reduced chisquare) = WSSR/ndf   : 0.0308025

Final set of parameters            Asymptotic Standard Error
=======================            ==========================
a               = -6.0474e-07      +/- 2.733e-08    (4.52%)
b               = 0.0131849        +/- 0.000157     (1.191%)
c               = -0.21432         +/- 0.1338       (62.41%)

correlation matrix of the fit parameters:
                a      b      c      
a               1.000 
b              -0.969  1.000 
c               0.724 -0.820  1.000 


*******************************************************************************
Tue Oct 31 09:25:37 2017


FIT:    data read from 'perf.dat' using 1:2
        format = x:z
        #datapoints = 7
        residuals are weighted equally (unit weight)

function used for fitting: f(x)
	f(x) = a*x**2+b*x+c
fitted parameters initialized with current variable values

iter      chisq       delta/lim  lambda   a             b             c            
   0 9.0877410402e+14   0.00e+00  6.58e+06    1.000000e+00   1.000000e+00   1.000000e+00
  10 1.2321002057e-01  -4.82e-01  6.58e-04   -6.047404e-07   1.318494e-02  -2.143197e-01

After 10 iterations the fit converged.
final sum of squares of residuals : 0.12321
rel. change during last iteration : -4.81733e-06

degrees of freedom    (FIT_NDF)                        : 4
rms of residuals      (FIT_STDFIT) = sqrt(WSSR/ndf)    : 0.175506
variance of residuals (reduced chisquare) = WSSR/ndf   : 0.0308025

Final set of parameters            Asymptotic Standard Error
=======================            ==========================
a               = -6.0474e-07      +/- 2.733e-08    (4.52%)
b               = 0.0131849        +/- 0.000157     (1.191%)
c               = -0.21432         +/- 0.1338       (62.41%)

correlation matrix of the fit parameters:
                a      b      c      
a               1.000 
b              -0.969  1.000 
c               0.724 -0.820  1.000 


*******************************************************************************
Tue Oct 31 09:26:14 2017


FIT:    data read from 'perf.dat' using 1:2
        format = x:z
        #datapoints = 7
        residuals are weighted equally (unit weight)

function used for fitting: f(x)
	f(x) = a*x**2+b*x+c
fitted parameters initialized with current variable values

iter      chisq       delta/lim  lambda   a             b             c            
   0 9.0877410402e+14   0.00e+00  6.58e+06    1.000000e+00   1.000000e+00   1.000000e+00
  10 1.2321002057e-01  -4.82e-01  6.58e-04   -6.047404e-07   1.318494e-02  -2.143197e-01

After 10 iterations the fit converged.
final sum of squares of residuals : 0.12321
rel. change during last iteration : -4.81733e-06

degrees of freedom    (FIT_NDF)                        : 4
rms of residuals      (FIT_STDFIT) = sqrt(WSSR/ndf)    : 0.175506
variance of residuals (reduced chisquare) = WSSR/ndf   : 0.0308025

Final set of parameters            Asymptotic Standard Error
=======================            ==========================
a               = -6.0474e-07      +/- 2.733e-08    (4.52%)
b               = 0.0131849        +/- 0.000157     (1.191%)
c               = -0.21432         +/- 0.1338       (62.41%)

correlation matrix of the fit parameters:
                a      b      c      
a               1.000 
b              -0.969  1.000 
c               0.724 -0.820  1.000 


*******************************************************************************
Tue Oct 31 09:26:17 2017


FIT:    data read from 'perf.dat' using 1:2
        format = x:z
        #datapoints = 7
        residuals are weighted equally (unit weight)

function used for fitting: f(x)
	f(x) = a*x**2+b*x+c
fitted parameters initialized with current variable values

iter      chisq       delta/lim  lambda   a             b             c            
   0 9.0877410402e+14   0.00e+00  6.58e+06    1.000000e+00   1.000000e+00   1.000000e+00
  10 1.2321002057e-01  -4.82e-01  6.58e-04   -6.047404e-07   1.318494e-02  -2.143197e-01

After 10 iterations the fit converged.
final sum of squares of residuals : 0.12321
rel. change during last iteration : -4.81733e-06

degrees of freedom    (FIT_NDF)                        : 4
rms of residuals      (FIT_STDFIT) = sqrt(WSSR/ndf)    : 0.175506
variance of residuals (reduced chisquare) = WSSR/ndf   : 0.0308025

Final set of parameters            Asymptotic Standard Error
=======================            ==========================
a               = -6.0474e-07      +/- 2.733e-08    (4.52%)
b               = 0.0131849        +/- 0.000157     (1.191%)
c               = -0.21432         +/- 0.1338       (62.41%)

correlation matrix of the fit parameters:
                a      b      c      
a               1.000 
b              -0.969  1.000 
c               0.724 -0.820  1.000 


*******************************************************************************
Tue Oct 31 09:26:54 2017


FIT:    data read from 'perf.dat' using 1:2
        format = x:z
        #datapoints = 7
        residuals are weighted equally (unit weight)

function used for fitting: f(x)
	f(x) = a*x**2+b*x+c
fitted parameters initialized with current variable values

iter      chisq       delta/lim  lambda   a             b             c            
   0 9.0877410402e+14   0.00e+00  6.58e+06    1.000000e+00   1.000000e+00   1.000000e+00
  10 1.2321002057e-01  -4.82e-01  6.58e-04   -6.047404e-07   1.318494e-02  -2.143197e-01

After 10 iterations the fit converged.
final sum of squares of residuals : 0.12321
rel. change during last iteration : -4.81733e-06

degrees of freedom    (FIT_NDF)                        : 4
rms of residuals      (FIT_STDFIT) = sqrt(WSSR/ndf)    : 0.175506
variance of residuals (reduced chisquare) = WSSR/ndf   : 0.0308025

Final set of parameters            Asymptotic Standard Error
=======================            ==========================
a               = -6.0474e-07      +/- 2.733e-08    (4.52%)
b               = 0.0131849        +/- 0.000157     (1.191%)
c               = -0.21432         +/- 0.1338       (62.41%)

correlation matrix of the fit parameters:
                a      b      c      
a               1.000 
b              -0.969  1.000 
c               0.724 -0.820  1.000 


*******************************************************************************
Tue Oct 31 09:27:26 2017


FIT:    data read from 'perf.dat' using 1:2
        format = x:z
        #datapoints = 7
        residuals are weighted equally (unit weight)

function used for fitting: f(x)
	f(x) = a*x**2+b*x+c
fitted parameters initialized with current variable values

iter      chisq       delta/lim  lambda   a             b             c            
   0 9.0877410402e+14   0.00e+00  6.58e+06    1.000000e+00   1.000000e+00   1.000000e+00
  10 1.2321002057e-01  -4.82e-01  6.58e-04   -6.047404e-07   1.318494e-02  -2.143197e-01

After 10 iterations the fit converged.
final sum of squares of residuals : 0.12321
rel. change during last iteration : -4.81733e-06

degrees of freedom    (FIT_NDF)                        : 4
rms of residuals      (FIT_STDFIT) = sqrt(WSSR/ndf)    : 0.175506
variance of residuals (reduced chisquare) = WSSR/ndf   : 0.0308025

Final set of parameters            Asymptotic Standard Error
=======================            ==========================
a               = -6.0474e-07      +/- 2.733e-08    (4.52%)
b               = 0.0131849        +/- 0.000157     (1.191%)
c               = -0.21432         +/- 0.1338       (62.41%)

correlation matrix of the fit parameters:
                a      b      c      
a               1.000 
b              -0.969  1.000 
c               0.724 -0.820  1.000 


*******************************************************************************
Tue Oct 31 09:28:07 2017


FIT:    data read from 'perf.dat' using 1:2
        format = x:z
        #datapoints = 7
        residuals are weighted equally (unit weight)

function used for fitting: f(x)
	f(x) = a*x**2+b*x+c
fitted parameters initialized with current variable values

iter      chisq       delta/lim  lambda   a             b             c            
   0 9.0877410402e+14   0.00e+00  6.58e+06    1.000000e+00   1.000000e+00   1.000000e+00
  10 1.2321002057e-01  -4.82e-01  6.58e-04   -6.047404e-07   1.318494e-02  -2.143197e-01

After 10 iterations the fit converged.
final sum of squares of residuals : 0.12321
rel. change during last iteration : -4.81733e-06

degrees of freedom    (FIT_NDF)                        : 4
rms of residuals      (FIT_STDFIT) = sqrt(WSSR/ndf)    : 0.175506
variance of residuals (reduced chisquare) = WSSR/ndf   : 0.0308025

Final set of parameters            Asymptotic Standard Error
=======================            ==========================
a               = -6.0474e-07      +/- 2.733e-08    (4.52%)
b               = 0.0131849        +/- 0.000157     (1.191%)
c               = -0.21432         +/- 0.1338       (62.41%)

correlation matrix of the fit parameters:
                a      b      c      
a               1.000 
b              -0.969  1.000 
c               0.724 -0.820  1.000 


*******************************************************************************
Tue Oct 31 09:28:48 2017


FIT:    data read from 'perf.dat' using 1:2
        format = x:z
        #datapoints = 7
        residuals are weighted equally (unit weight)

function used for fitting: f(x)
	f(x) = a*x**2+b*x+c
fitted parameters initialized with current variable values

iter      chisq       delta/lim  lambda   a             b             c            
   0 9.0877410402e+14   0.00e+00  6.58e+06    1.000000e+00   1.000000e+00   1.000000e+00
  10 1.2321002057e-01  -4.82e-01  6.58e-04   -6.047404e-07   1.318494e-02  -2.143197e-01

After 10 iterations the fit converged.
final sum of squares of residuals : 0.12321
rel. change during last iteration : -4.81733e-06

degrees of freedom    (FIT_NDF)                        : 4
rms of residuals      (FIT_STDFIT) = sqrt(WSSR/ndf)    : 0.175506
variance of residuals (reduced chisquare) = WSSR/ndf   : 0.0308025

Final set of parameters            Asymptotic Standard Error
=======================            ==========================
a               = -6.0474e-07      +/- 2.733e-08    (4.52%)
b               = 0.0131849        +/- 0.000157     (1.191%)
c               = -0.21432         +/- 0.1338       (62.41%)

correlation matrix of the fit parameters:
                a      b      c      
a               1.000 
b              -0.969  1.000 
c               0.724 -0.820  1.000 


*******************************************************************************
Tue Oct 31 09:46:41 2017


FIT:    data read from 'perf.dat' using 1:2
        format = x:z
        #datapoints = 7
        residuals are weighted equally (unit weight)

function used for fitting: f(x)
	f(x) = a*x**2+b*x+c
fitted parameters initialized with current variable values

iter      chisq       delta/lim  lambda   a             b             c            
   0 9.0877410402e+14   0.00e+00  6.58e+06    1.000000e+00   1.000000e+00   1.000000e+00
  10 1.2321002057e-01  -4.82e-01  6.58e-04   -6.047404e-07   1.318494e-02  -2.143197e-01

After 10 iterations the fit converged.
final sum of squares of residuals : 0.12321
rel. change during last iteration : -4.81733e-06

degrees of freedom    (FIT_NDF)                        : 4
rms of residuals      (FIT_STDFIT) = sqrt(WSSR/ndf)    : 0.175506
variance of residuals (reduced chisquare) = WSSR/ndf   : 0.0308025

Final set of parameters            Asymptotic Standard Error
=======================            ==========================
a               = -6.0474e-07      +/- 2.733e-08    (4.52%)
b               = 0.0131849        +/- 0.000157     (1.191%)
c               = -0.21432         +/- 0.1338       (62.41%)

correlation matrix of the fit parameters:
                a      b      c      
a               1.000 
b              -0.969  1.000 
c               0.724 -0.820  1.000 


*******************************************************************************
Tue Oct 31 09:53:13 2017


FIT:    data read from 'perf.dat' using 1:2
        format = x:z
        #datapoints = 7
        residuals are weighted equally (unit weight)

function used for fitting: f(x)
	f(x) = a*x**2+b*x+c
fitted parameters initialized with current variable values

iter      chisq       delta/lim  lambda   a             b             c            
   0 9.0877410402e+14   0.00e+00  6.58e+06    1.000000e+00   1.000000e+00   1.000000e+00
  10 1.2321002057e-01  -4.82e-01  6.58e-04   -6.047404e-07   1.318494e-02  -2.143197e-01

After 10 iterations the fit converged.
final sum of squares of residuals : 0.12321
rel. change during last iteration : -4.81733e-06

degrees of freedom    (FIT_NDF)                        : 4
rms of residuals      (FIT_STDFIT) = sqrt(WSSR/ndf)    : 0.175506
variance of residuals (reduced chisquare) = WSSR/ndf   : 0.0308025

Final set of parameters            Asymptotic Standard Error
=======================            ==========================
a               = -6.0474e-07      +/- 2.733e-08    (4.52%)
b               = 0.0131849        +/- 0.000157     (1.191%)
c               = -0.21432         +/- 0.1338       (62.41%)

correlation matrix of the fit parameters:
                a      b      c      
a               1.000 
b              -0.969  1.000 
c               0.724 -0.820  1.000 


*******************************************************************************
Tue Oct 31 09:54:10 2017


FIT:    data read from 'perf.dat' using 1:2
        format = x:z
        #datapoints = 7
        residuals are weighted equally (unit weight)

function used for fitting: f(x)
	f(x) = a*x**2+b*x+c
fitted parameters initialized with current variable values

iter      chisq       delta/lim  lambda   a             b             c            
   0 9.0877410402e+14   0.00e+00  6.58e+06    1.000000e+00   1.000000e+00   1.000000e+00
  10 1.2321002057e-01  -4.82e-01  6.58e-04   -6.047404e-07   1.318494e-02  -2.143197e-01

After 10 iterations the fit converged.
final sum of squares of residuals : 0.12321
rel. change during last iteration : -4.81733e-06

degrees of freedom    (FIT_NDF)                        : 4
rms of residuals      (FIT_STDFIT) = sqrt(WSSR/ndf)    : 0.175506
variance of residuals (reduced chisquare) = WSSR/ndf   : 0.0308025

Final set of parameters            Asymptotic Standard Error
=======================            ==========================
a               = -6.0474e-07      +/- 2.733e-08    (4.52%)
b               = 0.0131849        +/- 0.000157     (1.191%)
c               = -0.21432         +/- 0.1338       (62.41%)

correlation matrix of the fit parameters:
                a      b      c      
a               1.000 
b              -0.969  1.000 
c               0.724 -0.820  1.000 


*******************************************************************************
Tue Oct 31 09:54:25 2017


FIT:    data read from 'perf.dat' using 1:2
        format = x:z
        #datapoints = 7
        residuals are weighted equally (unit weight)

function used for fitting: f(x)
	f(x) = a*x**2+b*x+c
fitted parameters initialized with current variable values

iter      chisq       delta/lim  lambda   a             b             c            
   0 9.0877410402e+14   0.00e+00  6.58e+06    1.000000e+00   1.000000e+00   1.000000e+00
  10 1.2321002057e-01  -4.82e-01  6.58e-04   -6.047404e-07   1.318494e-02  -2.143197e-01

After 10 iterations the fit converged.
final sum of squares of residuals : 0.12321
rel. change during last iteration : -4.81733e-06

degrees of freedom    (FIT_NDF)                        : 4
rms of residuals      (FIT_STDFIT) = sqrt(WSSR/ndf)    : 0.175506
variance of residuals (reduced chisquare) = WSSR/ndf   : 0.0308025

Final set of parameters            Asymptotic Standard Error
=======================            ==========================
a               = -6.0474e-07      +/- 2.733e-08    (4.52%)
b               = 0.0131849        +/- 0.000157     (1.191%)
c               = -0.21432         +/- 0.1338       (62.41%)

correlation matrix of the fit parameters:
                a      b      c      
a               1.000 
b              -0.969  1.000 
c               0.724 -0.820  1.000 


*******************************************************************************
Tue Oct 31 09:55:05 2017


FIT:    data read from 'perf.dat' using 1:2
        format = x:z
        #datapoints = 7
        residuals are weighted equally (unit weight)

function used for fitting: f(x)
	f(x) = a*x**2+b*x+c
fitted parameters initialized with current variable values

iter      chisq       delta/lim  lambda   a             b             c            
   0 9.0877410402e+14   0.00e+00  6.58e+06    1.000000e+00   1.000000e+00   1.000000e+00
  10 1.2321002057e-01  -4.82e-01  6.58e-04   -6.047404e-07   1.318494e-02  -2.143197e-01

After 10 iterations the fit converged.
final sum of squares of residuals : 0.12321
rel. change during last iteration : -4.81733e-06

degrees of freedom    (FIT_NDF)                        : 4
rms of residuals      (FIT_STDFIT) = sqrt(WSSR/ndf)    : 0.175506
variance of residuals (reduced chisquare) = WSSR/ndf   : 0.0308025

Final set of parameters            Asymptotic Standard Error
=======================            ==========================
a               = -6.0474e-07      +/- 2.733e-08    (4.52%)
b               = 0.0131849        +/- 0.000157     (1.191%)
c               = -0.21432         +/- 0.1338       (62.41%)

correlation matrix of the fit parameters:
                a      b      c      
a               1.000 
b              -0.969  1.000 
c               0.724 -0.820  1.000 
